{"/mnt/usb-disk-256gb/mcp-server-zillow/src/config.ts": {"path":"/mnt/usb-disk-256gb/mcp-server-zillow/src/config.ts","statementMap":{"0":{"start":{"line":9,"column":2},"end":{"line":14,"column":4}}},"fnMap":{"0":{"name":"loadConfig","decl":{"start":{"line":8,"column":16},"end":{"line":8,"column":26}},"loc":{"start":{"line":8,"column":26},"end":{"line":15,"column":1}}}},"branchMap":{"0":{"loc":{"start":{"line":10,"column":19},"end":{"line":10,"column":45}},"type":"binary-expr","locations":[{"start":{"line":10,"column":19},"end":{"line":10,"column":35}},{"start":{"line":10,"column":39},"end":{"line":10,"column":45}}]},"1":{"loc":{"start":{"line":11,"column":14},"end":{"line":11,"column":45}},"type":"binary-expr","locations":[{"start":{"line":11,"column":14},"end":{"line":11,"column":35}},{"start":{"line":11,"column":39},"end":{"line":11,"column":45}}]},"2":{"loc":{"start":{"line":12,"column":18},"end":{"line":12,"column":50}},"type":"binary-expr","locations":[{"start":{"line":12,"column":18},"end":{"line":12,"column":44}},{"start":{"line":12,"column":48},"end":{"line":12,"column":50}}]}},"s":{"0":0},"f":{"0":0},"b":{"0":[0,0],"1":[0,0],"2":[0,0]}}
,"/mnt/usb-disk-256gb/mcp-server-zillow/src/index.ts": {"path":"/mnt/usb-disk-256gb/mcp-server-zillow/src/index.ts","statementMap":{"0":{"start":{"line":13,"column":21},"end":{"line":13,"column":45}},"1":{"start":{"line":23,"column":21},"end":{"line":26,"column":11}},"2":{"start":{"line":29,"column":17},"end":{"line":29,"column":41}},"3":{"start":{"line":30,"column":23},"end":{"line":30,"column":77}},"4":{"start":{"line":32,"column":13},"end":{"line":32,"column":34}},"5":{"start":{"line":33,"column":26},"end":{"line":33,"column":62}},"6":{"start":{"line":35,"column":27},"end":{"line":35,"column":169}},"7":{"start":{"line":36,"column":23},"end":{"line":36,"column":25}},"8":{"start":{"line":40,"column":2},"end":{"line":42,"column":3}},"9":{"start":{"line":41,"column":4},"end":{"line":41,"column":11}},"10":{"start":{"line":44,"column":2},"end":{"line":50,"column":3}},"11":{"start":{"line":45,"column":21},"end":{"line":45,"column":71}},"12":{"start":{"line":46,"column":4},"end":{"line":46,"column":45}},"13":{"start":{"line":48,"column":4},"end":{"line":48,"column":55}},"14":{"start":{"line":49,"column":4},"end":{"line":49,"column":26}},"15":{"start":{"line":54,"column":2},"end":{"line":56,"column":3}},"16":{"start":{"line":55,"column":4},"end":{"line":55,"column":16}},"17":{"start":{"line":58,"column":2},"end":{"line":64,"column":3}},"18":{"start":{"line":59,"column":19},"end":{"line":59,"column":59}},"19":{"start":{"line":60,"column":4},"end":{"line":60,"column":70}},"20":{"start":{"line":62,"column":4},"end":{"line":62,"column":54}},"21":{"start":{"line":63,"column":4},"end":{"line":63,"column":16}},"22":{"start":{"line":106,"column":2},"end":{"line":111,"column":3}},"23":{"start":{"line":107,"column":4},"end":{"line":107,"column":55}},"24":{"start":{"line":110,"column":4},"end":{"line":110,"column":109}},"25":{"start":{"line":114,"column":39},"end":{"line":114,"column":54}},"26":{"start":{"line":117,"column":2},"end":{"line":119,"column":3}},"27":{"start":{"line":118,"column":4},"end":{"line":118,"column":69}},"28":{"start":{"line":121,"column":2},"end":{"line":163,"column":3}},"29":{"start":{"line":123,"column":22},"end":{"line":123,"column":59}},"30":{"start":{"line":124,"column":21},"end":{"line":124,"column":56}},"31":{"start":{"line":126,"column":4},"end":{"line":128,"column":5}},"32":{"start":{"line":127,"column":6},"end":{"line":127,"column":108}},"33":{"start":{"line":130,"column":17},"end":{"line":130,"column":45}},"34":{"start":{"line":132,"column":4},"end":{"line":134,"column":5}},"35":{"start":{"line":133,"column":6},"end":{"line":133,"column":84}},"36":{"start":{"line":137,"column":26},"end":{"line":137,"column":61}},"37":{"start":{"line":138,"column":36},"end":{"line":147,"column":7}},"38":{"start":{"line":138,"column":72},"end":{"line":147,"column":6}},"39":{"start":{"line":150,"column":23},"end":{"line":152,"column":17}},"40":{"start":{"line":154,"column":4},"end":{"line":157,"column":6}},"41":{"start":{"line":159,"column":4},"end":{"line":161,"column":5}},"42":{"start":{"line":160,"column":6},"end":{"line":160,"column":18}},"43":{"start":{"line":162,"column":4},"end":{"line":162,"column":103}},"44":{"start":{"line":167,"column":45},"end":{"line":167,"column":51}},"45":{"start":{"line":169,"column":2},"end":{"line":171,"column":3}},"46":{"start":{"line":170,"column":4},"end":{"line":170,"column":85}},"47":{"start":{"line":173,"column":22},"end":{"line":173,"column":50}},"48":{"start":{"line":175,"column":2},"end":{"line":177,"column":3}},"49":{"start":{"line":176,"column":4},"end":{"line":176,"column":69}},"50":{"start":{"line":179,"column":2},"end":{"line":193,"column":3}},"51":{"start":{"line":180,"column":21},"end":{"line":180,"column":74}},"52":{"start":{"line":182,"column":4},"end":{"line":184,"column":5}},"53":{"start":{"line":183,"column":6},"end":{"line":183,"column":110}},"54":{"start":{"line":186,"column":17},"end":{"line":186,"column":38}},"55":{"start":{"line":187,"column":4},"end":{"line":187,"column":48}},"56":{"start":{"line":189,"column":4},"end":{"line":191,"column":5}},"57":{"start":{"line":190,"column":6},"end":{"line":190,"column":18}},"58":{"start":{"line":192,"column":4},"end":{"line":192,"column":120}},"59":{"start":{"line":198,"column":2},"end":{"line":198,"column":25}},"60":{"start":{"line":200,"column":23},"end":{"line":218,"column":4}},"61":{"start":{"line":209,"column":6},"end":{"line":216,"column":7}},"62":{"start":{"line":211,"column":10},"end":{"line":211,"column":55}},"63":{"start":{"line":213,"column":10},"end":{"line":213,"column":64}},"64":{"start":{"line":215,"column":10},"end":{"line":215,"column":87}},"65":{"start":{"line":231,"column":0},"end":{"line":231,"column":12}}},"fnMap":{"0":{"name":"fetchRobotsTxt","decl":{"start":{"line":39,"column":15},"end":{"line":39,"column":29}},"loc":{"start":{"line":39,"column":29},"end":{"line":51,"column":1}}},"1":{"name":"isPathAllowed","decl":{"start":{"line":53,"column":9},"end":{"line":53,"column":22}},"loc":{"start":{"line":53,"column":35},"end":{"line":65,"column":1}}},"2":{"name":"handleZillowSearch","decl":{"start":{"line":103,"column":15},"end":{"line":103,"column":33}},"loc":{"start":{"line":103,"column":45},"end":{"line":164,"column":1}}},"3":{"name":"(anonymous_3)","decl":{"start":{"line":138,"column":54},"end":{"line":138,"column":55}},"loc":{"start":{"line":138,"column":72},"end":{"line":147,"column":6}}},"4":{"name":"handleZillowPropertyDetails","decl":{"start":{"line":166,"column":15},"end":{"line":166,"column":42}},"loc":{"start":{"line":166,"column":54},"end":{"line":194,"column":1}}},"5":{"name":"runServer","decl":{"start":{"line":197,"column":15},"end":{"line":197,"column":24}},"loc":{"start":{"line":197,"column":24},"end":{"line":229,"column":1}}},"6":{"name":"(anonymous_6)","decl":{"start":{"line":208,"column":15},"end":{"line":208,"column":20}},"loc":{"start":{"line":208,"column":87},"end":{"line":217,"column":5}}}},"branchMap":{"0":{"loc":{"start":{"line":40,"column":2},"end":{"line":42,"column":3}},"type":"if","locations":[{"start":{"line":40,"column":2},"end":{"line":42,"column":3}}]},"1":{"loc":{"start":{"line":54,"column":2},"end":{"line":56,"column":3}},"type":"if","locations":[{"start":{"line":54,"column":2},"end":{"line":56,"column":3}}]},"2":{"loc":{"start":{"line":60,"column":11},"end":{"line":60,"column":69}},"type":"cond-expr","locations":[{"start":{"line":60,"column":20},"end":{"line":60,"column":62}},{"start":{"line":60,"column":65},"end":{"line":60,"column":69}}]},"3":{"loc":{"start":{"line":110,"column":78},"end":{"line":110,"column":107}},"type":"binary-expr","locations":[{"start":{"line":110,"column":78},"end":{"line":110,"column":90}},{"start":{"line":110,"column":94},"end":{"line":110,"column":107}}]},"4":{"loc":{"start":{"line":114,"column":10},"end":{"line":114,"column":34}},"type":"default-arg","locations":[{"start":{"line":114,"column":29},"end":{"line":114,"column":34}}]},"5":{"loc":{"start":{"line":117,"column":2},"end":{"line":119,"column":3}},"type":"if","locations":[{"start":{"line":117,"column":2},"end":{"line":119,"column":3}}]},"6":{"loc":{"start":{"line":117,"column":6},"end":{"line":117,"column":52}},"type":"binary-expr","locations":[{"start":{"line":117,"column":6},"end":{"line":117,"column":23}},{"start":{"line":117,"column":27},"end":{"line":117,"column":52}}]},"7":{"loc":{"start":{"line":126,"column":4},"end":{"line":128,"column":5}},"type":"if","locations":[{"start":{"line":126,"column":4},"end":{"line":128,"column":5}}]},"8":{"loc":{"start":{"line":132,"column":4},"end":{"line":134,"column":5}},"type":"if","locations":[{"start":{"line":132,"column":4},"end":{"line":134,"column":5}}]},"9":{"loc":{"start":{"line":150,"column":23},"end":{"line":152,"column":17}},"type":"cond-expr","locations":[{"start":{"line":151,"column":8},"end":{"line":151,"column":63}},{"start":{"line":152,"column":8},"end":{"line":152,"column":17}}]},"10":{"loc":{"start":{"line":159,"column":4},"end":{"line":161,"column":5}},"type":"if","locations":[{"start":{"line":159,"column":4},"end":{"line":161,"column":5}}]},"11":{"loc":{"start":{"line":162,"column":66},"end":{"line":162,"column":99}},"type":"binary-expr","locations":[{"start":{"line":162,"column":66},"end":{"line":162,"column":80}},{"start":{"line":162,"column":84},"end":{"line":162,"column":99}}]},"12":{"loc":{"start":{"line":167,"column":16},"end":{"line":167,"column":40}},"type":"default-arg","locations":[{"start":{"line":167,"column":35},"end":{"line":167,"column":40}}]},"13":{"loc":{"start":{"line":169,"column":2},"end":{"line":171,"column":3}},"type":"if","locations":[{"start":{"line":169,"column":2},"end":{"line":171,"column":3}}]},"14":{"loc":{"start":{"line":175,"column":2},"end":{"line":177,"column":3}},"type":"if","locations":[{"start":{"line":175,"column":2},"end":{"line":177,"column":3}}]},"15":{"loc":{"start":{"line":175,"column":6},"end":{"line":175,"column":54}},"type":"binary-expr","locations":[{"start":{"line":175,"column":6},"end":{"line":175,"column":23}},{"start":{"line":175,"column":27},"end":{"line":175,"column":54}}]},"16":{"loc":{"start":{"line":182,"column":4},"end":{"line":184,"column":5}},"type":"if","locations":[{"start":{"line":182,"column":4},"end":{"line":184,"column":5}}]},"17":{"loc":{"start":{"line":189,"column":4},"end":{"line":191,"column":5}},"type":"if","locations":[{"start":{"line":189,"column":4},"end":{"line":191,"column":5}}]},"18":{"loc":{"start":{"line":192,"column":83},"end":{"line":192,"column":116}},"type":"binary-expr","locations":[{"start":{"line":192,"column":83},"end":{"line":192,"column":97}},{"start":{"line":192,"column":101},"end":{"line":192,"column":116}}]},"19":{"loc":{"start":{"line":209,"column":6},"end":{"line":216,"column":7}},"type":"switch","locations":[{"start":{"line":210,"column":8},"end":{"line":211,"column":55}},{"start":{"line":212,"column":8},"end":{"line":213,"column":64}},{"start":{"line":214,"column":8},"end":{"line":215,"column":87}}]}},"s":{"0":0,"1":0,"2":0,"3":0,"4":0,"5":0,"6":0,"7":0,"8":0,"9":0,"10":0,"11":0,"12":0,"13":0,"14":0,"15":0,"16":0,"17":0,"18":0,"19":0,"20":0,"21":0,"22":0,"23":0,"24":0,"25":0,"26":0,"27":0,"28":0,"29":0,"30":0,"31":0,"32":0,"33":0,"34":0,"35":0,"36":0,"37":0,"38":0,"39":0,"40":0,"41":0,"42":0,"43":0,"44":0,"45":0,"46":0,"47":0,"48":0,"49":0,"50":0,"51":0,"52":0,"53":0,"54":0,"55":0,"56":0,"57":0,"58":0,"59":0,"60":0,"61":0,"62":0,"63":0,"64":0,"65":0},"f":{"0":0,"1":0,"2":0,"3":0,"4":0,"5":0,"6":0},"b":{"0":[0],"1":[0],"2":[0,0],"3":[0,0],"4":[0],"5":[0],"6":[0,0],"7":[0],"8":[0],"9":[0,0],"10":[0],"11":[0,0],"12":[0],"13":[0],"14":[0],"15":[0,0],"16":[0],"17":[0],"18":[0,0],"19":[0,0,0]}}
,"/mnt/usb-disk-256gb/mcp-server-zillow/src/tools.ts": {"path":"/mnt/usb-disk-256gb/mcp-server-zillow/src/tools.ts","statementMap":{"0":{"start":{"line":3,"column":34},"end":{"line":36,"column":2}},"1":{"start":{"line":38,"column":44},"end":{"line":51,"column":2}},"2":{"start":{"line":54,"column":2},"end":{"line":56,"column":3}},"3":{"start":{"line":55,"column":4},"end":{"line":55,"column":86}},"4":{"start":{"line":60,"column":70},"end":{"line":60,"column":76}},"5":{"start":{"line":63,"column":2},"end":{"line":65,"column":3}},"6":{"start":{"line":64,"column":4},"end":{"line":64,"column":64}},"7":{"start":{"line":66,"column":2},"end":{"line":66,"column":48}},"8":{"start":{"line":69,"column":2},"end":{"line":69,"column":48}},"9":{"start":{"line":70,"column":2},"end":{"line":70,"column":48}},"10":{"start":{"line":71,"column":2},"end":{"line":71,"column":40}},"11":{"start":{"line":72,"column":2},"end":{"line":72,"column":42}},"12":{"start":{"line":73,"column":2},"end":{"line":73,"column":56}},"13":{"start":{"line":76,"column":2},"end":{"line":76,"column":12}},"14":{"start":{"line":80,"column":19},"end":{"line":80,"column":25}},"15":{"start":{"line":83,"column":2},"end":{"line":85,"column":3}},"16":{"start":{"line":84,"column":4},"end":{"line":84,"column":61}},"17":{"start":{"line":86,"column":2},"end":{"line":86,"column":40}},"18":{"start":{"line":89,"column":2},"end":{"line":89,"column":14}}},"fnMap":{"0":{"name":"validateParam","decl":{"start":{"line":53,"column":9},"end":{"line":53,"column":22}},"loc":{"start":{"line":53,"column":74},"end":{"line":57,"column":1}}},"1":{"name":"handleZillowSearch","decl":{"start":{"line":59,"column":22},"end":{"line":59,"column":40}},"loc":{"start":{"line":59,"column":52},"end":{"line":77,"column":1}}},"2":{"name":"handleZillowPropertyDetails","decl":{"start":{"line":79,"column":22},"end":{"line":79,"column":49}},"loc":{"start":{"line":79,"column":61},"end":{"line":90,"column":1}}}},"branchMap":{"0":{"loc":{"start":{"line":54,"column":2},"end":{"line":56,"column":3}},"type":"if","locations":[{"start":{"line":54,"column":2},"end":{"line":56,"column":3}}]},"1":{"loc":{"start":{"line":54,"column":6},"end":{"line":54,"column":58}},"type":"binary-expr","locations":[{"start":{"line":54,"column":6},"end":{"line":54,"column":25}},{"start":{"line":54,"column":29},"end":{"line":54,"column":58}}]},"2":{"loc":{"start":{"line":63,"column":2},"end":{"line":65,"column":3}},"type":"if","locations":[{"start":{"line":63,"column":2},"end":{"line":65,"column":3}}]},"3":{"loc":{"start":{"line":83,"column":2},"end":{"line":85,"column":3}},"type":"if","locations":[{"start":{"line":83,"column":2},"end":{"line":85,"column":3}}]}},"s":{"0":0,"1":0,"2":0,"3":0,"4":0,"5":0,"6":0,"7":0,"8":0,"9":0,"10":0,"11":0,"12":0,"13":0,"14":0,"15":0,"16":0,"17":0,"18":0},"f":{"0":0,"1":0,"2":0},"b":{"0":[0],"1":[0,0],"2":[0],"3":[0]}}
,"/mnt/usb-disk-256gb/mcp-server-zillow/src/config/index.ts": {"path":"/mnt/usb-disk-256gb/mcp-server-zillow/src/config/index.ts","statementMap":{"0":{"start":{"line":4,"column":2},"end":{"line":9,"column":4}},"1":{"start":{"line":12,"column":22},"end":{"line":12,"column":34}}},"fnMap":{"0":{"name":"loadConfig","decl":{"start":{"line":3,"column":16},"end":{"line":3,"column":26}},"loc":{"start":{"line":3,"column":26},"end":{"line":10,"column":1}}}},"branchMap":{"0":{"loc":{"start":{"line":5,"column":19},"end":{"line":5,"column":45}},"type":"binary-expr","locations":[{"start":{"line":5,"column":19},"end":{"line":5,"column":35}},{"start":{"line":5,"column":39},"end":{"line":5,"column":45}}]},"1":{"loc":{"start":{"line":6,"column":14},"end":{"line":6,"column":45}},"type":"binary-expr","locations":[{"start":{"line":6,"column":14},"end":{"line":6,"column":35}},{"start":{"line":6,"column":39},"end":{"line":6,"column":45}}]},"2":{"loc":{"start":{"line":7,"column":18},"end":{"line":7,"column":50}},"type":"binary-expr","locations":[{"start":{"line":7,"column":18},"end":{"line":7,"column":44}},{"start":{"line":7,"column":48},"end":{"line":7,"column":50}}]}},"s":{"0":0,"1":0},"f":{"0":0},"b":{"0":[0,0],"1":[0,0],"2":[0,0]}}
,"/mnt/usb-disk-256gb/mcp-server-zillow/src/controllers/property.ts": {"path":"/mnt/usb-disk-256gb/mcp-server-zillow/src/controllers/property.ts","statementMap":{"0":{"start":{"line":4,"column":22},"end":{"line":4,"column":50}},"1":{"start":{"line":7,"column":4},"end":{"line":7,"column":57}},"2":{"start":{"line":11,"column":4},"end":{"line":11,"column":55}}},"fnMap":{"0":{"name":"(anonymous_0)","decl":{"start":{"line":4,"column":2},"end":{"line":4,"column":22}},"loc":{"start":{"line":4,"column":50},"end":{"line":4,"column":54}}},"1":{"name":"(anonymous_1)","decl":{"start":{"line":6,"column":2},"end":{"line":6,"column":7}},"loc":{"start":{"line":6,"column":41},"end":{"line":8,"column":3}}},"2":{"name":"(anonymous_2)","decl":{"start":{"line":10,"column":2},"end":{"line":10,"column":7}},"loc":{"start":{"line":10,"column":39},"end":{"line":12,"column":3}}}},"branchMap":{},"s":{"0":0,"1":0,"2":0},"f":{"0":0,"1":0,"2":0},"b":{}}
,"/mnt/usb-disk-256gb/mcp-server-zillow/src/models/api.ts": {"path":"/mnt/usb-disk-256gb/mcp-server-zillow/src/models/api.ts","statementMap":{"0":{"start":{"line":110,"column":0},"end":{"line":110,"column":null}},"1":{"start":{"line":111,"column":2},"end":{"line":111,"column":null}},"2":{"start":{"line":112,"column":2},"end":{"line":112,"column":null}},"3":{"start":{"line":113,"column":2},"end":{"line":113,"column":null}},"4":{"start":{"line":114,"column":2},"end":{"line":114,"column":null}},"5":{"start":{"line":115,"column":2},"end":{"line":115,"column":null}},"6":{"start":{"line":116,"column":2},"end":{"line":116,"column":null}},"7":{"start":{"line":117,"column":2},"end":{"line":117,"column":null}},"8":{"start":{"line":118,"column":2},"end":{"line":118,"column":null}}},"fnMap":{"0":{"name":"(anonymous_0)","decl":{"start":{"line":110,"column":0},"end":{"line":110,"column":6}},"loc":{"start":{"line":110,"column":21},"end":{"line":119,"column":1}}}},"branchMap":{"0":{"loc":{"start":{"line":110,"column":12},"end":{"line":110,"column":null}},"type":"binary-expr","locations":[{"start":{"line":110,"column":12},"end":{"line":110,"column":21}},{"start":{"line":110,"column":12},"end":{"line":110,"column":null}}]}},"s":{"0":0,"1":0,"2":0,"3":0,"4":0,"5":0,"6":0,"7":0,"8":0},"f":{"0":0},"b":{"0":[0,0]}}
,"/mnt/usb-disk-256gb/mcp-server-zillow/src/models/property-details.ts": {"path":"/mnt/usb-disk-256gb/mcp-server-zillow/src/models/property-details.ts","statementMap":{"0":{"start":{"line":10,"column":0},"end":{"line":10,"column":null}},"1":{"start":{"line":11,"column":2},"end":{"line":11,"column":null}},"2":{"start":{"line":12,"column":2},"end":{"line":12,"column":null}},"3":{"start":{"line":13,"column":2},"end":{"line":13,"column":null}},"4":{"start":{"line":14,"column":2},"end":{"line":14,"column":null}},"5":{"start":{"line":15,"column":2},"end":{"line":15,"column":null}}},"fnMap":{"0":{"name":"(anonymous_0)","decl":{"start":{"line":10,"column":0},"end":{"line":10,"column":6}},"loc":{"start":{"line":10,"column":33},"end":{"line":16,"column":1}}}},"branchMap":{"0":{"loc":{"start":{"line":10,"column":12},"end":{"line":10,"column":null}},"type":"binary-expr","locations":[{"start":{"line":10,"column":12},"end":{"line":10,"column":33}},{"start":{"line":10,"column":12},"end":{"line":10,"column":null}}]}},"s":{"0":0,"1":0,"2":0,"3":0,"4":0,"5":0},"f":{"0":0},"b":{"0":[0,0]}}
,"/mnt/usb-disk-256gb/mcp-server-zillow/src/models/search.ts": {"path":"/mnt/usb-disk-256gb/mcp-server-zillow/src/models/search.ts","statementMap":{"0":{"start":{"line":8,"column":0},"end":{"line":8,"column":null}},"1":{"start":{"line":9,"column":2},"end":{"line":9,"column":null}},"2":{"start":{"line":10,"column":2},"end":{"line":10,"column":null}},"3":{"start":{"line":11,"column":2},"end":{"line":11,"column":null}},"4":{"start":{"line":12,"column":2},"end":{"line":12,"column":null}},"5":{"start":{"line":13,"column":2},"end":{"line":13,"column":null}},"6":{"start":{"line":14,"column":2},"end":{"line":14,"column":null}},"7":{"start":{"line":20,"column":0},"end":{"line":20,"column":null}},"8":{"start":{"line":21,"column":2},"end":{"line":21,"column":null}},"9":{"start":{"line":22,"column":2},"end":{"line":22,"column":null}},"10":{"start":{"line":23,"column":2},"end":{"line":23,"column":null}},"11":{"start":{"line":24,"column":2},"end":{"line":24,"column":null}},"12":{"start":{"line":25,"column":2},"end":{"line":25,"column":null}},"13":{"start":{"line":26,"column":2},"end":{"line":26,"column":null}}},"fnMap":{"0":{"name":"(anonymous_0)","decl":{"start":{"line":8,"column":0},"end":{"line":8,"column":6}},"loc":{"start":{"line":8,"column":24},"end":{"line":15,"column":1}}},"1":{"name":"(anonymous_1)","decl":{"start":{"line":20,"column":0},"end":{"line":20,"column":6}},"loc":{"start":{"line":20,"column":30},"end":{"line":27,"column":1}}}},"branchMap":{"0":{"loc":{"start":{"line":8,"column":12},"end":{"line":8,"column":null}},"type":"binary-expr","locations":[{"start":{"line":8,"column":12},"end":{"line":8,"column":24}},{"start":{"line":8,"column":12},"end":{"line":8,"column":null}}]},"1":{"loc":{"start":{"line":20,"column":12},"end":{"line":20,"column":null}},"type":"binary-expr","locations":[{"start":{"line":20,"column":12},"end":{"line":20,"column":30}},{"start":{"line":20,"column":12},"end":{"line":20,"column":null}}]}},"s":{"0":0,"1":0,"2":0,"3":0,"4":0,"5":0,"6":0,"7":0,"8":0,"9":0,"10":0,"11":0,"12":0,"13":0},"f":{"0":0,"1":0},"b":{"0":[0,0],"1":[0,0]}}
,"/mnt/usb-disk-256gb/mcp-server-zillow/src/routes/search.ts": {"path":"/mnt/usb-disk-256gb/mcp-server-zillow/src/routes/search.ts","statementMap":{"0":{"start":{"line":6,"column":15},"end":{"line":6,"column":31}},"1":{"start":{"line":9,"column":27},"end":{"line":27,"column":2}},"2":{"start":{"line":31,"column":2},"end":{"line":40,"column":3}},"3":{"start":{"line":32,"column":22},"end":{"line":32,"column":57}},"4":{"start":{"line":33,"column":5},"end":{"line":33,"column":45}},"5":{"start":{"line":34,"column":4},"end":{"line":34,"column":11}},"6":{"start":{"line":36,"column":4},"end":{"line":39,"column":7}},"7":{"start":{"line":47,"column":0},"end":{"line":54,"column":3}},"8":{"start":{"line":49,"column":18},"end":{"line":49,"column":45}},"9":{"start":{"line":50,"column":2},"end":{"line":53,"column":5}}},"fnMap":{"0":{"name":"validateSearchParams","decl":{"start":{"line":30,"column":9},"end":{"line":30,"column":29}},"loc":{"start":{"line":30,"column":77},"end":{"line":41,"column":1}}},"1":{"name":"(anonymous_1)","decl":{"start":{"line":47,"column":38},"end":{"line":47,"column":43}},"loc":{"start":{"line":47,"column":76},"end":{"line":54,"column":1}}}},"branchMap":{"0":{"loc":{"start":{"line":38,"column":15},"end":{"line":38,"column":44}},"type":"binary-expr","locations":[{"start":{"line":38,"column":15},"end":{"line":38,"column":27}},{"start":{"line":38,"column":31},"end":{"line":38,"column":44}}]}},"s":{"0":0,"1":0,"2":0,"3":0,"4":0,"5":0,"6":0,"7":0,"8":0,"9":0},"f":{"0":0,"1":0},"b":{"0":[0,0]}}
,"/mnt/usb-disk-256gb/mcp-server-zillow/src/services/zillow.ts": {"path":"/mnt/usb-disk-256gb/mcp-server-zillow/src/services/zillow.ts","statementMap":{"0":{"start":{"line":2,"column":22},"end":{"line":2,"column":36}},"1":{"start":{"line":6,"column":4},"end":{"line":6,"column":14}},"2":{"start":{"line":11,"column":4},"end":{"line":11,"column":14}}},"fnMap":{"0":{"name":"(anonymous_0)","decl":{"start":{"line":2,"column":2},"end":{"line":2,"column":22}},"loc":{"start":{"line":2,"column":36},"end":{"line":2,"column":40}}},"1":{"name":"(anonymous_1)","decl":{"start":{"line":4,"column":2},"end":{"line":4,"column":7}},"loc":{"start":{"line":4,"column":41},"end":{"line":7,"column":3}}},"2":{"name":"(anonymous_2)","decl":{"start":{"line":9,"column":2},"end":{"line":9,"column":7}},"loc":{"start":{"line":9,"column":39},"end":{"line":12,"column":3}}}},"branchMap":{},"s":{"0":0,"1":0,"2":0},"f":{"0":0,"1":0,"2":0},"b":{}}
,"/mnt/usb-disk-256gb/mcp-server-zillow/src/utils/buildSearchUrl.ts": {"path":"/mnt/usb-disk-256gb/mcp-server-zillow/src/utils/buildSearchUrl.ts","statementMap":{"0":{"start":{"line":17,"column":23},"end":{"line":17,"column":77}},"1":{"start":{"line":32,"column":6},"end":{"line":32,"column":12}},"2":{"start":{"line":35,"column":43},"end":{"line":35,"column":45}},"3":{"start":{"line":36,"column":2},"end":{"line":36,"column":98}},"4":{"start":{"line":36,"column":30},"end":{"line":36,"column":98}},"5":{"start":{"line":37,"column":2},"end":{"line":37,"column":98}},"6":{"start":{"line":37,"column":30},"end":{"line":37,"column":98}},"7":{"start":{"line":38,"column":2},"end":{"line":38,"column":94}},"8":{"start":{"line":38,"column":29},"end":{"line":38,"column":94}},"9":{"start":{"line":39,"column":2},"end":{"line":39,"column":94}},"10":{"start":{"line":39,"column":29},"end":{"line":39,"column":94}},"11":{"start":{"line":40,"column":2},"end":{"line":40,"column":98}},"12":{"start":{"line":40,"column":30},"end":{"line":40,"column":98}},"13":{"start":{"line":41,"column":2},"end":{"line":41,"column":98}},"14":{"start":{"line":41,"column":30},"end":{"line":41,"column":98}},"15":{"start":{"line":42,"column":2},"end":{"line":42,"column":72}},"16":{"start":{"line":42,"column":34},"end":{"line":42,"column":72}},"17":{"start":{"line":43,"column":2},"end":{"line":43,"column":74}},"18":{"start":{"line":43,"column":28},"end":{"line":43,"column":74}},"19":{"start":{"line":45,"column":23},"end":{"line":61,"column":4}},"20":{"start":{"line":63,"column":2},"end":{"line":63,"column":56}}},"fnMap":{"0":{"name":"buildSearchUrl","decl":{"start":{"line":19,"column":22},"end":{"line":19,"column":36}},"loc":{"start":{"line":19,"column":48},"end":{"line":64,"column":1}}}},"branchMap":{"0":{"loc":{"start":{"line":30,"column":4},"end":{"line":30,"column":12}},"type":"default-arg","locations":[{"start":{"line":30,"column":11},"end":{"line":30,"column":12}}]},"1":{"loc":{"start":{"line":31,"column":4},"end":{"line":31,"column":17}},"type":"default-arg","locations":[{"start":{"line":31,"column":15},"end":{"line":31,"column":17}}]},"2":{"loc":{"start":{"line":36,"column":2},"end":{"line":36,"column":98}},"type":"if","locations":[{"start":{"line":36,"column":2},"end":{"line":36,"column":98}}]},"3":{"loc":{"start":{"line":36,"column":56},"end":{"line":36,"column":79}},"type":"binary-expr","locations":[{"start":{"line":36,"column":56},"end":{"line":36,"column":73}},{"start":{"line":36,"column":77},"end":{"line":36,"column":79}}]},"4":{"loc":{"start":{"line":37,"column":2},"end":{"line":37,"column":98}},"type":"if","locations":[{"start":{"line":37,"column":2},"end":{"line":37,"column":98}}]},"5":{"loc":{"start":{"line":37,"column":56},"end":{"line":37,"column":79}},"type":"binary-expr","locations":[{"start":{"line":37,"column":56},"end":{"line":37,"column":73}},{"start":{"line":37,"column":77},"end":{"line":37,"column":79}}]},"6":{"loc":{"start":{"line":38,"column":2},"end":{"line":38,"column":94}},"type":"if","locations":[{"start":{"line":38,"column":2},"end":{"line":38,"column":94}}]},"7":{"loc":{"start":{"line":38,"column":54},"end":{"line":38,"column":76}},"type":"binary-expr","locations":[{"start":{"line":38,"column":54},"end":{"line":38,"column":70}},{"start":{"line":38,"column":74},"end":{"line":38,"column":76}}]},"8":{"loc":{"start":{"line":39,"column":2},"end":{"line":39,"column":94}},"type":"if","locations":[{"start":{"line":39,"column":2},"end":{"line":39,"column":94}}]},"9":{"loc":{"start":{"line":39,"column":54},"end":{"line":39,"column":76}},"type":"binary-expr","locations":[{"start":{"line":39,"column":54},"end":{"line":39,"column":70}},{"start":{"line":39,"column":74},"end":{"line":39,"column":76}}]},"10":{"loc":{"start":{"line":40,"column":2},"end":{"line":40,"column":98}},"type":"if","locations":[{"start":{"line":40,"column":2},"end":{"line":40,"column":98}}]},"11":{"loc":{"start":{"line":40,"column":56},"end":{"line":40,"column":79}},"type":"binary-expr","locations":[{"start":{"line":40,"column":56},"end":{"line":40,"column":73}},{"start":{"line":40,"column":77},"end":{"line":40,"column":79}}]},"12":{"loc":{"start":{"line":41,"column":2},"end":{"line":41,"column":98}},"type":"if","locations":[{"start":{"line":41,"column":2},"end":{"line":41,"column":98}}]},"13":{"loc":{"start":{"line":41,"column":56},"end":{"line":41,"column":79}},"type":"binary-expr","locations":[{"start":{"line":41,"column":56},"end":{"line":41,"column":73}},{"start":{"line":41,"column":77},"end":{"line":41,"column":79}}]},"14":{"loc":{"start":{"line":42,"column":2},"end":{"line":42,"column":72}},"type":"if","locations":[{"start":{"line":42,"column":2},"end":{"line":42,"column":72}}]},"15":{"loc":{"start":{"line":43,"column":2},"end":{"line":43,"column":74}},"type":"if","locations":[{"start":{"line":43,"column":2},"end":{"line":43,"column":74}}]}},"s":{"0":0,"1":0,"2":0,"3":0,"4":0,"5":0,"6":0,"7":0,"8":0,"9":0,"10":0,"11":0,"12":0,"13":0,"14":0,"15":0,"16":0,"17":0,"18":0,"19":0,"20":0},"f":{"0":0},"b":{"0":[0],"1":[0],"2":[0],"3":[0,0],"4":[0],"5":[0,0],"6":[0],"7":[0,0],"8":[0],"9":[0,0],"10":[0],"11":[0,0],"12":[0],"13":[0,0],"14":[0],"15":[0]}}
,"/mnt/usb-disk-256gb/mcp-server-zillow/src/utils/http.ts": {"path":"/mnt/usb-disk-256gb/mcp-server-zillow/src/utils/http.ts","statementMap":{"0":{"start":{"line":13,"column":34},"end":{"line":13,"column":123}},"1":{"start":{"line":19,"column":2},"end":{"line":24,"column":5}}},"fnMap":{"0":{"name":"fetchWithUserAgent","decl":{"start":{"line":15,"column":22},"end":{"line":15,"column":40}},"loc":{"start":{"line":17,"column":40},"end":{"line":25,"column":1}}}},"branchMap":{"0":{"loc":{"start":{"line":17,"column":2},"end":{"line":17,"column":40}},"type":"default-arg","locations":[{"start":{"line":17,"column":22},"end":{"line":17,"column":40}}]}},"s":{"0":0,"1":0},"f":{"0":0},"b":{"0":[0]}}
,"/mnt/usb-disk-256gb/mcp-server-zillow/src/utils/parsePropertyDetails.ts": {"path":"/mnt/usb-disk-256gb/mcp-server-zillow/src/utils/parsePropertyDetails.ts","statementMap":{"0":{"start":{"line":35,"column":12},"end":{"line":35,"column":30}},"1":{"start":{"line":36,"column":21},"end":{"line":36,"column":95}},"2":{"start":{"line":38,"column":2},"end":{"line":42,"column":3}},"3":{"start":{"line":39,"column":4},"end":{"line":39,"column":81}},"4":{"start":{"line":41,"column":4},"end":{"line":41,"column":53}},"5":{"start":{"line":43,"column":2},"end":{"line":45,"column":3}},"6":{"start":{"line":44,"column":4},"end":{"line":44,"column":52}},"7":{"start":{"line":46,"column":19},"end":{"line":46,"column":40}},"8":{"start":{"line":47,"column":2},"end":{"line":63,"column":4}},"9":{"start":{"line":62,"column":56},"end":{"line":62,"column":65}}},"fnMap":{"0":{"name":"parsePropertyDetails","decl":{"start":{"line":34,"column":16},"end":{"line":34,"column":36}},"loc":{"start":{"line":34,"column":66},"end":{"line":64,"column":1}}},"1":{"name":"(anonymous_1)","decl":{"start":{"line":62,"column":40},"end":{"line":62,"column":41}},"loc":{"start":{"line":62,"column":56},"end":{"line":62,"column":65}}}},"branchMap":{"0":{"loc":{"start":{"line":36,"column":21},"end":{"line":36,"column":95}},"type":"binary-expr","locations":[{"start":{"line":36,"column":21},"end":{"line":36,"column":89}},{"start":{"line":36,"column":93},"end":{"line":36,"column":95}}]},"1":{"loc":{"start":{"line":43,"column":2},"end":{"line":45,"column":3}},"type":"if","locations":[{"start":{"line":43,"column":2},"end":{"line":45,"column":3}}]},"2":{"loc":{"start":{"line":49,"column":13},"end":{"line":49,"column":71}},"type":"binary-expr","locations":[{"start":{"line":49,"column":13},"end":{"line":49,"column":44}},{"start":{"line":49,"column":48},"end":{"line":49,"column":71}}]},"3":{"loc":{"start":{"line":50,"column":11},"end":{"line":50,"column":30}},"type":"binary-expr","locations":[{"start":{"line":50,"column":11},"end":{"line":50,"column":25}},{"start":{"line":50,"column":29},"end":{"line":50,"column":30}}]},"4":{"loc":{"start":{"line":51,"column":10},"end":{"line":51,"column":32}},"type":"binary-expr","locations":[{"start":{"line":51,"column":10},"end":{"line":51,"column":27}},{"start":{"line":51,"column":31},"end":{"line":51,"column":32}}]},"5":{"loc":{"start":{"line":52,"column":11},"end":{"line":52,"column":34}},"type":"binary-expr","locations":[{"start":{"line":52,"column":11},"end":{"line":52,"column":29}},{"start":{"line":52,"column":33},"end":{"line":52,"column":34}}]},"6":{"loc":{"start":{"line":53,"column":10},"end":{"line":53,"column":34}},"type":"binary-expr","locations":[{"start":{"line":53,"column":10},"end":{"line":53,"column":29}},{"start":{"line":53,"column":33},"end":{"line":53,"column":34}}]},"7":{"loc":{"start":{"line":54,"column":10},"end":{"line":54,"column":46}},"type":"binary-expr","locations":[{"start":{"line":54,"column":10},"end":{"line":54,"column":27}},{"start":{"line":54,"column":31},"end":{"line":54,"column":46}}]},"8":{"loc":{"start":{"line":56,"column":17},"end":{"line":56,"column":67}},"type":"binary-expr","locations":[{"start":{"line":56,"column":17},"end":{"line":56,"column":37}},{"start":{"line":56,"column":41},"end":{"line":56,"column":67}}]},"9":{"loc":{"start":{"line":57,"column":15},"end":{"line":57,"column":38}},"type":"binary-expr","locations":[{"start":{"line":57,"column":15},"end":{"line":57,"column":33}},{"start":{"line":57,"column":37},"end":{"line":57,"column":38}}]},"10":{"loc":{"start":{"line":58,"column":13},"end":{"line":58,"column":34}},"type":"binary-expr","locations":[{"start":{"line":58,"column":13},"end":{"line":58,"column":29}},{"start":{"line":58,"column":33},"end":{"line":58,"column":34}}]},"11":{"loc":{"start":{"line":59,"column":13},"end":{"line":59,"column":68}},"type":"binary-expr","locations":[{"start":{"line":59,"column":13},"end":{"line":59,"column":49}},{"start":{"line":59,"column":53},"end":{"line":59,"column":68}}]},"12":{"loc":{"start":{"line":60,"column":13},"end":{"line":60,"column":68}},"type":"binary-expr","locations":[{"start":{"line":60,"column":13},"end":{"line":60,"column":49}},{"start":{"line":60,"column":53},"end":{"line":60,"column":68}}]},"13":{"loc":{"start":{"line":61,"column":13},"end":{"line":61,"column":68}},"type":"binary-expr","locations":[{"start":{"line":61,"column":13},"end":{"line":61,"column":49}},{"start":{"line":61,"column":53},"end":{"line":61,"column":68}}]},"14":{"loc":{"start":{"line":62,"column":13},"end":{"line":62,"column":34}},"type":"binary-expr","locations":[{"start":{"line":62,"column":13},"end":{"line":62,"column":28}},{"start":{"line":62,"column":32},"end":{"line":62,"column":34}}]}},"s":{"0":0,"1":0,"2":0,"3":0,"4":0,"5":0,"6":0,"7":0,"8":0,"9":0},"f":{"0":0,"1":0},"b":{"0":[0,0],"1":[0],"2":[0,0],"3":[0,0],"4":[0,0],"5":[0,0],"6":[0,0],"7":[0,0],"8":[0,0],"9":[0,0],"10":[0,0],"11":[0,0],"12":[0,0],"13":[0,0],"14":[0,0]}}
,"/mnt/usb-disk-256gb/mcp-server-zillow/src/utils/robots.ts": {"path":"/mnt/usb-disk-256gb/mcp-server-zillow/src/utils/robots.ts","statementMap":{"0":{"start":{"line":10,"column":4},"end":{"line":10,"column":19}},"1":{"start":{"line":11,"column":4},"end":{"line":11,"column":36}},"2":{"start":{"line":38,"column":46},"end":{"line":38,"column":48}},"3":{"start":{"line":39,"column":37},"end":{"line":39,"column":39}},"4":{"start":{"line":40,"column":29},"end":{"line":40,"column":32}},"5":{"start":{"line":41,"column":33},"end":{"line":41,"column":37}},"6":{"start":{"line":42,"column":24},"end":{"line":42,"column":26}},"7":{"start":{"line":45,"column":34},"end":{"line":45,"column":35}},"8":{"start":{"line":46,"column":31},"end":{"line":46,"column":35}},"9":{"start":{"line":47,"column":32},"end":{"line":47,"column":34}},"10":{"start":{"line":50,"column":4},"end":{"line":50,"column":31}},"11":{"start":{"line":51,"column":4},"end":{"line":51,"column":29}},"12":{"start":{"line":61,"column":4},"end":{"line":63,"column":5}},"13":{"start":{"line":62,"column":6},"end":{"line":62,"column":62}},"14":{"start":{"line":65,"column":4},"end":{"line":65,"column":25}},"15":{"start":{"line":66,"column":4},"end":{"line":66,"column":29}},"16":{"start":{"line":68,"column":55},"end":{"line":68,"column":59}},"17":{"start":{"line":69,"column":18},"end":{"line":69,"column":37}},"18":{"start":{"line":71,"column":4},"end":{"line":159,"column":5}},"19":{"start":{"line":72,"column":6},"end":{"line":152,"column":7}},"20":{"start":{"line":73,"column":28},"end":{"line":73,"column":39}},"21":{"start":{"line":74,"column":8},"end":{"line":74,"column":66}},"22":{"start":{"line":74,"column":57},"end":{"line":74,"column":66}},"23":{"start":{"line":76,"column":39},"end":{"line":76,"column":61}},"24":{"start":{"line":77,"column":22},"end":{"line":77,"column":49}},"25":{"start":{"line":79,"column":8},"end":{"line":79,"column":39}},"26":{"start":{"line":79,"column":30},"end":{"line":79,"column":39}},"27":{"start":{"line":81,"column":27},"end":{"line":81,"column":46}},"28":{"start":{"line":83,"column":8},"end":{"line":151,"column":9}},"29":{"start":{"line":84,"column":10},"end":{"line":96,"column":11}},"30":{"start":{"line":85,"column":12},"end":{"line":85,"column":47}},"31":{"start":{"line":87,"column":12},"end":{"line":89,"column":13}},"32":{"start":{"line":88,"column":14},"end":{"line":88,"column":76}},"33":{"start":{"line":90,"column":12},"end":{"line":94,"column":14}},"34":{"start":{"line":95,"column":12},"end":{"line":95,"column":51}},"35":{"start":{"line":97,"column":15},"end":{"line":151,"column":9}},"36":{"start":{"line":98,"column":10},"end":{"line":140,"column":11}},"37":{"start":{"line":101,"column":14},"end":{"line":103,"column":15}},"38":{"start":{"line":102,"column":16},"end":{"line":102,"column":108}},"39":{"start":{"line":104,"column":14},"end":{"line":114,"column":15}},"40":{"start":{"line":105,"column":32},"end":{"line":105,"column":60}},"41":{"start":{"line":106,"column":16},"end":{"line":110,"column":19}},"42":{"start":{"line":112,"column":37},"end":{"line":112,"column":91}},"43":{"start":{"line":113,"column":16},"end":{"line":113,"column":101}},"44":{"start":{"line":115,"column":14},"end":{"line":115,"column":20}},"45":{"start":{"line":118,"column":28},"end":{"line":118,"column":45}},"46":{"start":{"line":119,"column":14},"end":{"line":123,"column":15}},"47":{"start":{"line":120,"column":16},"end":{"line":120,"column":52}},"48":{"start":{"line":122,"column":16},"end":{"line":122,"column":68}},"49":{"start":{"line":124,"column":14},"end":{"line":124,"column":20}},"50":{"start":{"line":127,"column":14},"end":{"line":130,"column":15}},"51":{"start":{"line":128,"column":16},"end":{"line":128,"column":67}},"52":{"start":{"line":129,"column":16},"end":{"line":129,"column":22}},"53":{"start":{"line":131,"column":14},"end":{"line":138,"column":15}},"54":{"start":{"line":132,"column":16},"end":{"line":132,"column":54}},"55":{"start":{"line":133,"column":16},"end":{"line":135,"column":17}},"56":{"start":{"line":134,"column":18},"end":{"line":134,"column":50}},"57":{"start":{"line":137,"column":16},"end":{"line":137,"column":62}},"58":{"start":{"line":139,"column":14},"end":{"line":139,"column":20}},"59":{"start":{"line":141,"column":15},"end":{"line":151,"column":9}},"60":{"start":{"line":142,"column":10},"end":{"line":145,"column":11}},"61":{"start":{"line":143,"column":12},"end":{"line":143,"column":63}},"62":{"start":{"line":144,"column":12},"end":{"line":144,"column":21}},"63":{"start":{"line":146,"column":10},"end":{"line":150,"column":11}},"64":{"start":{"line":147,"column":12},"end":{"line":147,"column":44}},"65":{"start":{"line":149,"column":12},"end":{"line":149,"column":58}},"66":{"start":{"line":154,"column":6},"end":{"line":156,"column":7}},"67":{"start":{"line":155,"column":8},"end":{"line":155,"column":20}},"68":{"start":{"line":157,"column":27},"end":{"line":157,"column":83}},"69":{"start":{"line":158,"column":6},"end":{"line":158,"column":81}},"70":{"start":{"line":161,"column":4},"end":{"line":161,"column":29}},"71":{"start":{"line":171,"column":27},"end":{"line":171,"column":51}},"72":{"start":{"line":172,"column":22},"end":{"line":172,"column":59}},"73":{"start":{"line":174,"column":4},"end":{"line":176,"column":5}},"74":{"start":{"line":175,"column":6},"end":{"line":175,"column":18}},"75":{"start":{"line":178,"column":18},"end":{"line":178,"column":23}},"76":{"start":{"line":179,"column":4},"end":{"line":186,"column":5}},"77":{"start":{"line":180,"column":6},"end":{"line":185,"column":7}},"78":{"start":{"line":181,"column":8},"end":{"line":181,"column":23}},"79":{"start":{"line":182,"column":8},"end":{"line":184,"column":9}},"80":{"start":{"line":183,"column":10},"end":{"line":183,"column":22}},"81":{"start":{"line":188,"column":4},"end":{"line":188,"column":20}},"82":{"start":{"line":197,"column":22},"end":{"line":197,"column":59}},"83":{"start":{"line":198,"column":4},"end":{"line":198,"column":73}},"84":{"start":{"line":206,"column":4},"end":{"line":206,"column":36}},"85":{"start":{"line":210,"column":21},"end":{"line":210,"column":35}},"86":{"start":{"line":211,"column":4},"end":{"line":213,"column":5}},"87":{"start":{"line":212,"column":6},"end":{"line":212,"column":36}},"88":{"start":{"line":214,"column":4},"end":{"line":214,"column":22}},"89":{"start":{"line":218,"column":4},"end":{"line":224,"column":5}},"90":{"start":{"line":219,"column":21},"end":{"line":219,"column":33}},"91":{"start":{"line":220,"column":6},"end":{"line":220,"column":29}},"92":{"start":{"line":223,"column":6},"end":{"line":223,"column":51}},"93":{"start":{"line":228,"column":4},"end":{"line":233,"column":5}},"94":{"start":{"line":229,"column":6},"end":{"line":229,"column":19}},"95":{"start":{"line":230,"column":6},"end":{"line":230,"column":18}},"96":{"start":{"line":232,"column":6},"end":{"line":232,"column":19}},"97":{"start":{"line":237,"column":32},"end":{"line":237,"column":55}},"98":{"start":{"line":238,"column":4},"end":{"line":241,"column":6}},"99":{"start":{"line":239,"column":6},"end":{"line":240,"column":64}},"100":{"start":{"line":245,"column":4},"end":{"line":245,"column":31}},"101":{"start":{"line":245,"column":18},"end":{"line":245,"column":31}},"102":{"start":{"line":246,"column":4},"end":{"line":246,"column":47}},"103":{"start":{"line":251,"column":25},"end":{"line":255,"column":28}},"104":{"start":{"line":257,"column":18},"end":{"line":257,"column":48}},"105":{"start":{"line":258,"column":4},"end":{"line":258,"column":28}},"106":{"start":{"line":267,"column":4},"end":{"line":277,"column":5}},"107":{"start":{"line":269,"column":27},"end":{"line":272,"column":28}},"108":{"start":{"line":273,"column":6},"end":{"line":273,"column":37}},"109":{"start":{"line":274,"column":6},"end":{"line":274,"column":18}},"110":{"start":{"line":276,"column":6},"end":{"line":276,"column":19}},"111":{"start":{"line":290,"column":21},"end":{"line":290,"column":22}},"112":{"start":{"line":291,"column":35},"end":{"line":291,"column":36}},"113":{"start":{"line":293,"column":4},"end":{"line":298,"column":5}},"114":{"start":{"line":294,"column":6},"end":{"line":294,"column":43}},"115":{"start":{"line":295,"column":6},"end":{"line":297,"column":7}},"116":{"start":{"line":296,"column":8},"end":{"line":296,"column":35}},"117":{"start":{"line":300,"column":4},"end":{"line":305,"column":6}},"118":{"start":{"line":309,"column":17},"end":{"line":309,"column":41}},"119":{"start":{"line":310,"column":18},"end":{"line":310,"column":55}},"120":{"start":{"line":312,"column":4},"end":{"line":319,"column":5}},"121":{"start":{"line":313,"column":6},"end":{"line":315,"column":7}},"122":{"start":{"line":314,"column":8},"end":{"line":314,"column":20}},"123":{"start":{"line":316,"column":6},"end":{"line":318,"column":7}},"124":{"start":{"line":317,"column":8},"end":{"line":317,"column":21}},"125":{"start":{"line":321,"column":4},"end":{"line":321,"column":17}},"126":{"start":{"line":326,"column":37},"end":{"line":326,"column":39}},"127":{"start":{"line":327,"column":47},"end":{"line":327,"column":51}},"128":{"start":{"line":328,"column":34},"end":{"line":328,"column":35}},"129":{"start":{"line":329,"column":41},"end":{"line":329,"column":48}},"130":{"start":{"line":335,"column":4},"end":{"line":335,"column":27}},"131":{"start":{"line":336,"column":4},"end":{"line":336,"column":31}},"132":{"start":{"line":337,"column":4},"end":{"line":337,"column":45}},"133":{"start":{"line":345,"column":4},"end":{"line":347,"column":5}},"134":{"start":{"line":346,"column":6},"end":{"line":346,"column":13}},"135":{"start":{"line":349,"column":16},"end":{"line":349,"column":26}},"136":{"start":{"line":350,"column":4},"end":{"line":352,"column":5}},"137":{"start":{"line":351,"column":6},"end":{"line":351,"column":13}},"138":{"start":{"line":354,"column":4},"end":{"line":371,"column":5}},"139":{"start":{"line":355,"column":23},"end":{"line":360,"column":8}},"140":{"start":{"line":362,"column":6},"end":{"line":362,"column":52}},"141":{"start":{"line":363,"column":6},"end":{"line":363,"column":45}},"142":{"start":{"line":364,"column":6},"end":{"line":364,"column":67}},"143":{"start":{"line":365,"column":6},"end":{"line":365,"column":31}},"144":{"start":{"line":367,"column":6},"end":{"line":367,"column":106}},"145":{"start":{"line":369,"column":6},"end":{"line":369,"column":33}},"146":{"start":{"line":370,"column":6},"end":{"line":370,"column":31}},"147":{"start":{"line":380,"column":4},"end":{"line":382,"column":5}},"148":{"start":{"line":381,"column":6},"end":{"line":381,"column":18}},"149":{"start":{"line":384,"column":4},"end":{"line":386,"column":5}},"150":{"start":{"line":385,"column":6},"end":{"line":385,"column":18}},"151":{"start":{"line":388,"column":4},"end":{"line":388,"column":61}},"152":{"start":{"line":396,"column":4},"end":{"line":398,"column":5}},"153":{"start":{"line":397,"column":6},"end":{"line":397,"column":15}},"154":{"start":{"line":400,"column":18},"end":{"line":400,"column":65}},"155":{"start":{"line":401,"column":4},"end":{"line":401,"column":36}},"156":{"start":{"line":409,"column":23},"end":{"line":409,"column":43}},"157":{"start":{"line":410,"column":4},"end":{"line":412,"column":5}},"158":{"start":{"line":411,"column":6},"end":{"line":411,"column":15}},"159":{"start":{"line":414,"column":31},"end":{"line":414,"column":62}},"160":{"start":{"line":415,"column":4},"end":{"line":415,"column":56}},"161":{"start":{"line":419,"column":4},"end":{"line":427,"column":5}},"162":{"start":{"line":420,"column":6},"end":{"line":422,"column":7}},"163":{"start":{"line":421,"column":8},"end":{"line":421,"column":50}},"164":{"start":{"line":423,"column":6},"end":{"line":423,"column":57}},"165":{"start":{"line":425,"column":27},"end":{"line":425,"column":83}},"166":{"start":{"line":426,"column":6},"end":{"line":426,"column":48}},"167":{"start":{"line":431,"column":4},"end":{"line":439,"column":5}},"168":{"start":{"line":432,"column":6},"end":{"line":434,"column":7}},"169":{"start":{"line":433,"column":8},"end":{"line":433,"column":50}},"170":{"start":{"line":435,"column":6},"end":{"line":435,"column":60}},"171":{"start":{"line":437,"column":27},"end":{"line":437,"column":83}},"172":{"start":{"line":438,"column":6},"end":{"line":438,"column":48}},"173":{"start":{"line":443,"column":4},"end":{"line":451,"column":5}},"174":{"start":{"line":444,"column":6},"end":{"line":446,"column":7}},"175":{"start":{"line":445,"column":8},"end":{"line":445,"column":50}},"176":{"start":{"line":447,"column":6},"end":{"line":447,"column":45}},"177":{"start":{"line":449,"column":27},"end":{"line":449,"column":83}},"178":{"start":{"line":450,"column":6},"end":{"line":450,"column":48}}},"fnMap":{"0":{"name":"(anonymous_0)","decl":{"start":{"line":9,"column":2},"end":{"line":9,"column":14}},"loc":{"start":{"line":9,"column":29},"end":{"line":12,"column":3}}},"1":{"name":"(anonymous_1)","decl":{"start":{"line":49,"column":2},"end":{"line":49,"column":null}},"loc":{"start":{"line":49,"column":2},"end":{"line":52,"column":3}}},"2":{"name":"(anonymous_2)","decl":{"start":{"line":60,"column":9},"end":{"line":60,"column":14}},"loc":{"start":{"line":60,"column":43},"end":{"line":162,"column":3}}},"3":{"name":"(anonymous_3)","decl":{"start":{"line":170,"column":9},"end":{"line":170,"column":18}},"loc":{"start":{"line":170,"column":73},"end":{"line":189,"column":3}}},"4":{"name":"(anonymous_4)","decl":{"start":{"line":196,"column":9},"end":{"line":196,"column":22}},"loc":{"start":{"line":196,"column":40},"end":{"line":199,"column":3}}},"5":{"name":"(anonymous_5)","decl":{"start":{"line":205,"column":9},"end":{"line":205,"column":20}},"loc":{"start":{"line":205,"column":20},"end":{"line":207,"column":3}}},"6":{"name":"(anonymous_6)","decl":{"start":{"line":209,"column":10},"end":{"line":209,"column":26}},"loc":{"start":{"line":209,"column":42},"end":{"line":215,"column":3}}},"7":{"name":"(anonymous_7)","decl":{"start":{"line":217,"column":10},"end":{"line":217,"column":24}},"loc":{"start":{"line":217,"column":36},"end":{"line":225,"column":3}}},"8":{"name":"(anonymous_8)","decl":{"start":{"line":227,"column":10},"end":{"line":227,"column":20}},"loc":{"start":{"line":227,"column":32},"end":{"line":234,"column":3}}},"9":{"name":"(anonymous_9)","decl":{"start":{"line":236,"column":10},"end":{"line":236,"column":31}},"loc":{"start":{"line":236,"column":49},"end":{"line":242,"column":3}}},"10":{"name":"(anonymous_10)","decl":{"start":{"line":238,"column":29},"end":{"line":238,"column":33}},"loc":{"start":{"line":239,"column":6},"end":{"line":240,"column":64}}},"11":{"name":"(anonymous_11)","decl":{"start":{"line":244,"column":10},"end":{"line":244,"column":24}},"loc":{"start":{"line":244,"column":54},"end":{"line":247,"column":3}}},"12":{"name":"(anonymous_12)","decl":{"start":{"line":249,"column":10},"end":{"line":249,"column":25}},"loc":{"start":{"line":249,"column":55},"end":{"line":259,"column":3}}},"13":{"name":"(anonymous_13)","decl":{"start":{"line":266,"column":10},"end":{"line":266,"column":24}},"loc":{"start":{"line":266,"column":40},"end":{"line":278,"column":3}}},"14":{"name":"(anonymous_14)","decl":{"start":{"line":284,"column":9},"end":{"line":284,"column":17}},"loc":{"start":{"line":284,"column":17},"end":{"line":306,"column":3}}},"15":{"name":"(anonymous_15)","decl":{"start":{"line":308,"column":9},"end":{"line":308,"column":21}},"loc":{"start":{"line":308,"column":52},"end":{"line":322,"column":3}}},"16":{"name":"(anonymous_16)","decl":{"start":{"line":334,"column":2},"end":{"line":334,"column":14}},"loc":{"start":{"line":334,"column":83},"end":{"line":338,"column":3}}},"17":{"name":"(anonymous_17)","decl":{"start":{"line":344,"column":2},"end":{"line":344,"column":7}},"loc":{"start":{"line":344,"column":22},"end":{"line":372,"column":3}}},"18":{"name":"(anonymous_18)","decl":{"start":{"line":379,"column":2},"end":{"line":379,"column":15}},"loc":{"start":{"line":379,"column":28},"end":{"line":389,"column":3}}},"19":{"name":"(anonymous_19)","decl":{"start":{"line":395,"column":2},"end":{"line":395,"column":15}},"loc":{"start":{"line":395,"column":15},"end":{"line":402,"column":3}}},"20":{"name":"(anonymous_20)","decl":{"start":{"line":408,"column":2},"end":{"line":408,"column":13}},"loc":{"start":{"line":408,"column":13},"end":{"line":416,"column":3}}},"21":{"name":"(anonymous_21)","decl":{"start":{"line":418,"column":2},"end":{"line":418,"column":11}},"loc":{"start":{"line":418,"column":42},"end":{"line":428,"column":3}}},"22":{"name":"(anonymous_22)","decl":{"start":{"line":430,"column":2},"end":{"line":430,"column":14}},"loc":{"start":{"line":430,"column":45},"end":{"line":440,"column":3}}},"23":{"name":"(anonymous_23)","decl":{"start":{"line":442,"column":2},"end":{"line":442,"column":13}},"loc":{"start":{"line":442,"column":13},"end":{"line":452,"column":3}}}},"branchMap":{"0":{"loc":{"start":{"line":61,"column":4},"end":{"line":63,"column":5}},"type":"if","locations":[{"start":{"line":61,"column":4},"end":{"line":63,"column":5}}]},"1":{"loc":{"start":{"line":74,"column":8},"end":{"line":74,"column":66}},"type":"if","locations":[{"start":{"line":74,"column":8},"end":{"line":74,"column":66}}]},"2":{"loc":{"start":{"line":74,"column":12},"end":{"line":74,"column":55}},"type":"binary-expr","locations":[{"start":{"line":74,"column":12},"end":{"line":74,"column":24}},{"start":{"line":74,"column":28},"end":{"line":74,"column":55}}]},"3":{"loc":{"start":{"line":79,"column":8},"end":{"line":79,"column":39}},"type":"if","locations":[{"start":{"line":79,"column":8},"end":{"line":79,"column":39}}]},"4":{"loc":{"start":{"line":79,"column":12},"end":{"line":79,"column":28}},"type":"binary-expr","locations":[{"start":{"line":79,"column":12},"end":{"line":79,"column":18}},{"start":{"line":79,"column":22},"end":{"line":79,"column":28}}]},"5":{"loc":{"start":{"line":83,"column":8},"end":{"line":151,"column":9}},"type":"if","locations":[{"start":{"line":83,"column":8},"end":{"line":151,"column":9}},{"start":{"line":97,"column":15},"end":{"line":151,"column":9}}]},"6":{"loc":{"start":{"line":84,"column":10},"end":{"line":96,"column":11}},"type":"if","locations":[{"start":{"line":84,"column":10},"end":{"line":96,"column":11}},{"start":{"line":86,"column":17},"end":{"line":96,"column":11}}]},"7":{"loc":{"start":{"line":84,"column":14},"end":{"line":84,"column":69}},"type":"binary-expr","locations":[{"start":{"line":84,"column":14},"end":{"line":84,"column":30}},{"start":{"line":84,"column":34},"end":{"line":84,"column":69}}]},"8":{"loc":{"start":{"line":87,"column":12},"end":{"line":89,"column":13}},"type":"if","locations":[{"start":{"line":87,"column":12},"end":{"line":89,"column":13}}]},"9":{"loc":{"start":{"line":97,"column":15},"end":{"line":151,"column":9}},"type":"if","locations":[{"start":{"line":97,"column":15},"end":{"line":151,"column":9}},{"start":{"line":141,"column":15},"end":{"line":151,"column":9}}]},"10":{"loc":{"start":{"line":98,"column":10},"end":{"line":140,"column":11}},"type":"switch","locations":[{"start":{"line":99,"column":12},"end":{"line":99,"column":25}},{"start":{"line":100,"column":12},"end":{"line":115,"column":20}},{"start":{"line":117,"column":12},"end":{"line":124,"column":20}},{"start":{"line":126,"column":12},"end":{"line":139,"column":20}}]},"11":{"loc":{"start":{"line":101,"column":14},"end":{"line":103,"column":15}},"type":"if","locations":[{"start":{"line":101,"column":14},"end":{"line":103,"column":15}}]},"12":{"loc":{"start":{"line":108,"column":25},"end":{"line":108,"column":69}},"type":"cond-expr","locations":[{"start":{"line":108,"column":50},"end":{"line":108,"column":57}},{"start":{"line":108,"column":60},"end":{"line":108,"column":69}}]},"13":{"loc":{"start":{"line":109,"column":28},"end":{"line":109,"column":75}},"type":"cond-expr","locations":[{"start":{"line":109,"column":56},"end":{"line":109,"column":63}},{"start":{"line":109,"column":66},"end":{"line":109,"column":75}}]},"14":{"loc":{"start":{"line":112,"column":37},"end":{"line":112,"column":91}},"type":"cond-expr","locations":[{"start":{"line":112,"column":62},"end":{"line":112,"column":75}},{"start":{"line":112,"column":78},"end":{"line":112,"column":91}}]},"15":{"loc":{"start":{"line":113,"column":76},"end":{"line":113,"column":97}},"type":"binary-expr","locations":[{"start":{"line":113,"column":76},"end":{"line":113,"column":88}},{"start":{"line":113,"column":92},"end":{"line":113,"column":97}}]},"16":{"loc":{"start":{"line":119,"column":14},"end":{"line":123,"column":15}},"type":"if","locations":[{"start":{"line":119,"column":14},"end":{"line":123,"column":15}},{"start":{"line":121,"column":21},"end":{"line":123,"column":15}}]},"17":{"loc":{"start":{"line":119,"column":18},"end":{"line":119,"column":45}},"type":"binary-expr","locations":[{"start":{"line":119,"column":18},"end":{"line":119,"column":31}},{"start":{"line":119,"column":35},"end":{"line":119,"column":45}}]},"18":{"loc":{"start":{"line":127,"column":14},"end":{"line":130,"column":15}},"type":"if","locations":[{"start":{"line":127,"column":14},"end":{"line":130,"column":15}}]},"19":{"loc":{"start":{"line":131,"column":14},"end":{"line":138,"column":15}},"type":"if","locations":[{"start":{"line":131,"column":14},"end":{"line":138,"column":15}},{"start":{"line":136,"column":21},"end":{"line":138,"column":15}}]},"20":{"loc":{"start":{"line":133,"column":16},"end":{"line":135,"column":17}},"type":"if","locations":[{"start":{"line":133,"column":16},"end":{"line":135,"column":17}}]},"21":{"loc":{"start":{"line":141,"column":15},"end":{"line":151,"column":9}},"type":"if","locations":[{"start":{"line":141,"column":15},"end":{"line":151,"column":9}}]},"22":{"loc":{"start":{"line":142,"column":10},"end":{"line":145,"column":11}},"type":"if","locations":[{"start":{"line":142,"column":10},"end":{"line":145,"column":11}}]},"23":{"loc":{"start":{"line":146,"column":10},"end":{"line":150,"column":11}},"type":"if","locations":[{"start":{"line":146,"column":10},"end":{"line":150,"column":11}},{"start":{"line":148,"column":17},"end":{"line":150,"column":11}}]},"24":{"loc":{"start":{"line":154,"column":6},"end":{"line":156,"column":7}},"type":"if","locations":[{"start":{"line":154,"column":6},"end":{"line":156,"column":7}}]},"25":{"loc":{"start":{"line":157,"column":27},"end":{"line":157,"column":83}},"type":"cond-expr","locations":[{"start":{"line":157,"column":52},"end":{"line":157,"column":65}},{"start":{"line":157,"column":68},"end":{"line":157,"column":83}}]},"26":{"loc":{"start":{"line":170,"column":38},"end":{"line":170,"column":73}},"type":"default-arg","locations":[{"start":{"line":170,"column":52},"end":{"line":170,"column":73}}]},"27":{"loc":{"start":{"line":174,"column":4},"end":{"line":176,"column":5}},"type":"if","locations":[{"start":{"line":174,"column":4},"end":{"line":176,"column":5}}]},"28":{"loc":{"start":{"line":174,"column":8},"end":{"line":174,"column":44}},"type":"binary-expr","locations":[{"start":{"line":174,"column":8},"end":{"line":174,"column":18}},{"start":{"line":174,"column":22},"end":{"line":174,"column":44}}]},"29":{"loc":{"start":{"line":180,"column":6},"end":{"line":185,"column":7}},"type":"if","locations":[{"start":{"line":180,"column":6},"end":{"line":185,"column":7}}]},"30":{"loc":{"start":{"line":180,"column":46},"end":{"line":180,"column":62}},"type":"binary-expr","locations":[{"start":{"line":180,"column":46},"end":{"line":180,"column":56}},{"start":{"line":180,"column":60},"end":{"line":180,"column":62}}]},"31":{"loc":{"start":{"line":182,"column":8},"end":{"line":184,"column":9}},"type":"if","locations":[{"start":{"line":182,"column":8},"end":{"line":184,"column":9}}]},"32":{"loc":{"start":{"line":198,"column":11},"end":{"line":198,"column":72}},"type":"cond-expr","locations":[{"start":{"line":198,"column":34},"end":{"line":198,"column":65}},{"start":{"line":198,"column":68},"end":{"line":198,"column":72}}]},"33":{"loc":{"start":{"line":198,"column":34},"end":{"line":198,"column":65}},"type":"binary-expr","locations":[{"start":{"line":198,"column":34},"end":{"line":198,"column":57}},{"start":{"line":198,"column":61},"end":{"line":198,"column":65}}]},"34":{"loc":{"start":{"line":211,"column":4},"end":{"line":213,"column":5}},"type":"if","locations":[{"start":{"line":211,"column":4},"end":{"line":213,"column":5}}]},"35":{"loc":{"start":{"line":223,"column":13},"end":{"line":223,"column":50}},"type":"cond-expr","locations":[{"start":{"line":223,"column":35},"end":{"line":223,"column":38}},{"start":{"line":223,"column":41},"end":{"line":223,"column":50}}]},"36":{"loc":{"start":{"line":239,"column":6},"end":{"line":240,"column":64}},"type":"binary-expr","locations":[{"start":{"line":239,"column":6},"end":{"line":239,"column":58}},{"start":{"line":240,"column":6},"end":{"line":240,"column":64}}]},"37":{"loc":{"start":{"line":245,"column":4},"end":{"line":245,"column":31}},"type":"if","locations":[{"start":{"line":245,"column":4},"end":{"line":245,"column":31}}]},"38":{"loc":{"start":{"line":295,"column":6},"end":{"line":297,"column":7}},"type":"if","locations":[{"start":{"line":295,"column":6},"end":{"line":297,"column":7}}]},"39":{"loc":{"start":{"line":313,"column":6},"end":{"line":315,"column":7}},"type":"if","locations":[{"start":{"line":313,"column":6},"end":{"line":315,"column":7}}]},"40":{"loc":{"start":{"line":313,"column":10},"end":{"line":313,"column":67}},"type":"binary-expr","locations":[{"start":{"line":313,"column":10},"end":{"line":313,"column":23}},{"start":{"line":313,"column":27},"end":{"line":313,"column":67}}]},"41":{"loc":{"start":{"line":316,"column":6},"end":{"line":318,"column":7}},"type":"if","locations":[{"start":{"line":316,"column":6},"end":{"line":318,"column":7}}]},"42":{"loc":{"start":{"line":316,"column":10},"end":{"line":316,"column":61}},"type":"binary-expr","locations":[{"start":{"line":316,"column":10},"end":{"line":316,"column":20}},{"start":{"line":316,"column":24},"end":{"line":316,"column":61}}]},"43":{"loc":{"start":{"line":334,"column":50},"end":{"line":334,"column":83}},"type":"default-arg","locations":[{"start":{"line":334,"column":78},"end":{"line":334,"column":83}}]},"44":{"loc":{"start":{"line":345,"column":4},"end":{"line":347,"column":5}},"type":"if","locations":[{"start":{"line":345,"column":4},"end":{"line":347,"column":5}}]},"45":{"loc":{"start":{"line":350,"column":4},"end":{"line":352,"column":5}},"type":"if","locations":[{"start":{"line":350,"column":4},"end":{"line":352,"column":5}}]},"46":{"loc":{"start":{"line":350,"column":8},"end":{"line":350,"column":76}},"type":"binary-expr","locations":[{"start":{"line":350,"column":8},"end":{"line":350,"column":29}},{"start":{"line":350,"column":33},"end":{"line":350,"column":76}}]},"47":{"loc":{"start":{"line":367,"column":50},"end":{"line":367,"column":104}},"type":"cond-expr","locations":[{"start":{"line":367,"column":75},"end":{"line":367,"column":88}},{"start":{"line":367,"column":91},"end":{"line":367,"column":104}}]},"48":{"loc":{"start":{"line":380,"column":4},"end":{"line":382,"column":5}},"type":"if","locations":[{"start":{"line":380,"column":4},"end":{"line":382,"column":5}}]},"49":{"loc":{"start":{"line":384,"column":4},"end":{"line":386,"column":5}},"type":"if","locations":[{"start":{"line":384,"column":4},"end":{"line":386,"column":5}}]},"50":{"loc":{"start":{"line":396,"column":4},"end":{"line":398,"column":5}},"type":"if","locations":[{"start":{"line":396,"column":4},"end":{"line":398,"column":5}}]},"51":{"loc":{"start":{"line":396,"column":8},"end":{"line":396,"column":51}},"type":"binary-expr","locations":[{"start":{"line":396,"column":8},"end":{"line":396,"column":29}},{"start":{"line":396,"column":33},"end":{"line":396,"column":51}}]},"52":{"loc":{"start":{"line":401,"column":11},"end":{"line":401,"column":35}},"type":"cond-expr","locations":[{"start":{"line":401,"column":19},"end":{"line":401,"column":31}},{"start":{"line":401,"column":34},"end":{"line":401,"column":35}}]},"53":{"loc":{"start":{"line":410,"column":4},"end":{"line":412,"column":5}},"type":"if","locations":[{"start":{"line":410,"column":4},"end":{"line":412,"column":5}}]},"54":{"loc":{"start":{"line":420,"column":6},"end":{"line":422,"column":7}},"type":"if","locations":[{"start":{"line":420,"column":6},"end":{"line":422,"column":7}}]},"55":{"loc":{"start":{"line":425,"column":27},"end":{"line":425,"column":83}},"type":"cond-expr","locations":[{"start":{"line":425,"column":52},"end":{"line":425,"column":65}},{"start":{"line":425,"column":68},"end":{"line":425,"column":83}}]},"56":{"loc":{"start":{"line":432,"column":6},"end":{"line":434,"column":7}},"type":"if","locations":[{"start":{"line":432,"column":6},"end":{"line":434,"column":7}}]},"57":{"loc":{"start":{"line":437,"column":27},"end":{"line":437,"column":83}},"type":"cond-expr","locations":[{"start":{"line":437,"column":52},"end":{"line":437,"column":65}},{"start":{"line":437,"column":68},"end":{"line":437,"column":83}}]},"58":{"loc":{"start":{"line":444,"column":6},"end":{"line":446,"column":7}},"type":"if","locations":[{"start":{"line":444,"column":6},"end":{"line":446,"column":7}}]},"59":{"loc":{"start":{"line":449,"column":27},"end":{"line":449,"column":83}},"type":"cond-expr","locations":[{"start":{"line":449,"column":52},"end":{"line":449,"column":65}},{"start":{"line":449,"column":68},"end":{"line":449,"column":83}}]}},"s":{"0":0,"1":0,"2":0,"3":0,"4":0,"5":0,"6":0,"7":0,"8":0,"9":0,"10":0,"11":0,"12":0,"13":0,"14":0,"15":0,"16":0,"17":0,"18":0,"19":0,"20":0,"21":0,"22":0,"23":0,"24":0,"25":0,"26":0,"27":0,"28":0,"29":0,"30":0,"31":0,"32":0,"33":0,"34":0,"35":0,"36":0,"37":0,"38":0,"39":0,"40":0,"41":0,"42":0,"43":0,"44":0,"45":0,"46":0,"47":0,"48":0,"49":0,"50":0,"51":0,"52":0,"53":0,"54":0,"55":0,"56":0,"57":0,"58":0,"59":0,"60":0,"61":0,"62":0,"63":0,"64":0,"65":0,"66":0,"67":0,"68":0,"69":0,"70":0,"71":0,"72":0,"73":0,"74":0,"75":0,"76":0,"77":0,"78":0,"79":0,"80":0,"81":0,"82":0,"83":0,"84":0,"85":0,"86":0,"87":0,"88":0,"89":0,"90":0,"91":0,"92":0,"93":0,"94":0,"95":0,"96":0,"97":0,"98":0,"99":0,"100":0,"101":0,"102":0,"103":0,"104":0,"105":0,"106":0,"107":0,"108":0,"109":0,"110":0,"111":0,"112":0,"113":0,"114":0,"115":0,"116":0,"117":0,"118":0,"119":0,"120":0,"121":0,"122":0,"123":0,"124":0,"125":0,"126":0,"127":0,"128":0,"129":0,"130":0,"131":0,"132":0,"133":0,"134":0,"135":0,"136":0,"137":0,"138":0,"139":0,"140":0,"141":0,"142":0,"143":0,"144":0,"145":0,"146":0,"147":0,"148":0,"149":0,"150":0,"151":0,"152":0,"153":0,"154":0,"155":0,"156":0,"157":0,"158":0,"159":0,"160":0,"161":0,"162":0,"163":0,"164":0,"165":0,"166":0,"167":0,"168":0,"169":0,"170":0,"171":0,"172":0,"173":0,"174":0,"175":0,"176":0,"177":0,"178":0},"f":{"0":0,"1":0,"2":0,"3":0,"4":0,"5":0,"6":0,"7":0,"8":0,"9":0,"10":0,"11":0,"12":0,"13":0,"14":0,"15":0,"16":0,"17":0,"18":0,"19":0,"20":0,"21":0,"22":0,"23":0},"b":{"0":[0],"1":[0],"2":[0,0],"3":[0],"4":[0,0],"5":[0,0],"6":[0,0],"7":[0,0],"8":[0],"9":[0,0],"10":[0,0,0,0],"11":[0],"12":[0,0],"13":[0,0],"14":[0,0],"15":[0,0],"16":[0,0],"17":[0,0],"18":[0],"19":[0,0],"20":[0],"21":[0],"22":[0],"23":[0,0],"24":[0],"25":[0,0],"26":[0],"27":[0],"28":[0,0],"29":[0],"30":[0,0],"31":[0],"32":[0,0],"33":[0,0],"34":[0],"35":[0,0],"36":[0,0],"37":[0],"38":[0],"39":[0],"40":[0,0],"41":[0],"42":[0,0],"43":[0],"44":[0],"45":[0],"46":[0,0],"47":[0,0],"48":[0],"49":[0],"50":[0],"51":[0,0],"52":[0,0],"53":[0],"54":[0],"55":[0,0],"56":[0],"57":[0,0],"58":[0],"59":[0,0]}}
,"/mnt/usb-disk-256gb/mcp-server-zillow/src/utils/robotsHandler.ts": {"path":"/mnt/usb-disk-256gb/mcp-server-zillow/src/utils/robotsHandler.ts","statementMap":{"0":{"start":{"line":7,"column":37},"end":{"line":7,"column":39}},"1":{"start":{"line":8,"column":24},"end":{"line":8,"column":28}},"2":{"start":{"line":11,"column":4},"end":{"line":11,"column":27}},"3":{"start":{"line":12,"column":4},"end":{"line":12,"column":31}},"4":{"start":{"line":19,"column":4},"end":{"line":26,"column":5}},"5":{"start":{"line":20,"column":23},"end":{"line":20,"column":64}},"6":{"start":{"line":21,"column":6},"end":{"line":21,"column":52}},"7":{"start":{"line":22,"column":6},"end":{"line":22,"column":70}},"8":{"start":{"line":24,"column":6},"end":{"line":24,"column":33}},"9":{"start":{"line":25,"column":6},"end":{"line":25,"column":25}},"10":{"start":{"line":34,"column":4},"end":{"line":34,"column":34}},"11":{"start":{"line":34,"column":22},"end":{"line":34,"column":34}},"12":{"start":{"line":35,"column":4},"end":{"line":39,"column":5}},"13":{"start":{"line":36,"column":6},"end":{"line":36,"column":57}},"14":{"start":{"line":38,"column":6},"end":{"line":38,"column":18}},"15":{"start":{"line":46,"column":4},"end":{"line":46,"column":39}},"16":{"start":{"line":46,"column":22},"end":{"line":46,"column":39}},"17":{"start":{"line":47,"column":18},"end":{"line":47,"column":59}},"18":{"start":{"line":48,"column":4},"end":{"line":48,"column":64}}},"fnMap":{"0":{"name":"(anonymous_0)","decl":{"start":{"line":10,"column":2},"end":{"line":10,"column":14}},"loc":{"start":{"line":10,"column":48},"end":{"line":13,"column":3}}},"1":{"name":"(anonymous_1)","decl":{"start":{"line":18,"column":2},"end":{"line":18,"column":7}},"loc":{"start":{"line":18,"column":22},"end":{"line":27,"column":3}}},"2":{"name":"(anonymous_2)","decl":{"start":{"line":33,"column":2},"end":{"line":33,"column":15}},"loc":{"start":{"line":33,"column":28},"end":{"line":40,"column":3}}},"3":{"name":"(anonymous_3)","decl":{"start":{"line":45,"column":2},"end":{"line":45,"column":15}},"loc":{"start":{"line":45,"column":15},"end":{"line":49,"column":3}}}},"branchMap":{"0":{"loc":{"start":{"line":34,"column":4},"end":{"line":34,"column":34}},"type":"if","locations":[{"start":{"line":34,"column":4},"end":{"line":34,"column":34}}]},"1":{"loc":{"start":{"line":46,"column":4},"end":{"line":46,"column":39}},"type":"if","locations":[{"start":{"line":46,"column":4},"end":{"line":46,"column":39}}]},"2":{"loc":{"start":{"line":48,"column":11},"end":{"line":48,"column":63}},"type":"cond-expr","locations":[{"start":{"line":48,"column":39},"end":{"line":48,"column":51}},{"start":{"line":48,"column":54},"end":{"line":48,"column":63}}]}},"s":{"0":0,"1":0,"2":0,"3":0,"4":0,"5":0,"6":0,"7":0,"8":0,"9":0,"10":0,"11":0,"12":0,"13":0,"14":0,"15":0,"16":0,"17":0,"18":0},"f":{"0":0,"1":0,"2":0,"3":0},"b":{"0":[0],"1":[0],"2":[0,0]}}
,"/mnt/usb-disk-256gb/mcp-server-zillow/src/validation/searchParamsSchema.ts": {"path":"/mnt/usb-disk-256gb/mcp-server-zillow/src/validation/searchParamsSchema.ts","statementMap":{"0":{"start":{"line":16,"column":34},"end":{"line":29,"column":2}}},"fnMap":{},"branchMap":{},"s":{"0":0},"f":{},"b":{}}
}
