TN:
SF:src/config.ts
FN:8,loadConfig
FNF:1
FNH:0
FNDA:0,loadConfig
DA:9,0
LF:1
LH:0
BRDA:10,0,0,0
BRDA:10,0,1,0
BRDA:11,1,0,0
BRDA:11,1,1,0
BRDA:12,2,0,0
BRDA:12,2,1,0
BRF:6
BRH:0
end_of_record
TN:
SF:src/index.ts
FN:39,fetchRobotsTxt
FN:53,isPathAllowed
FN:103,handleZillowSearch
FN:138,(anonymous_3)
FN:166,handleZillowPropertyDetails
FN:197,runServer
FN:208,(anonymous_6)
FNF:7
FNH:0
FNDA:0,fetchRobotsTxt
FNDA:0,isPathAllowed
FNDA:0,handleZillowSearch
FNDA:0,(anonymous_3)
FNDA:0,handleZillowPropertyDetails
FNDA:0,runServer
FNDA:0,(anonymous_6)
DA:13,0
DA:23,0
DA:29,0
DA:30,0
DA:32,0
DA:33,0
DA:35,0
DA:36,0
DA:40,0
DA:41,0
DA:44,0
DA:45,0
DA:46,0
DA:48,0
DA:49,0
DA:54,0
DA:55,0
DA:58,0
DA:59,0
DA:60,0
DA:62,0
DA:63,0
DA:106,0
DA:107,0
DA:110,0
DA:114,0
DA:117,0
DA:118,0
DA:121,0
DA:123,0
DA:124,0
DA:126,0
DA:127,0
DA:130,0
DA:132,0
DA:133,0
DA:137,0
DA:138,0
DA:150,0
DA:154,0
DA:159,0
DA:160,0
DA:162,0
DA:167,0
DA:169,0
DA:170,0
DA:173,0
DA:175,0
DA:176,0
DA:179,0
DA:180,0
DA:182,0
DA:183,0
DA:186,0
DA:187,0
DA:189,0
DA:190,0
DA:192,0
DA:198,0
DA:200,0
DA:209,0
DA:211,0
DA:213,0
DA:215,0
DA:231,0
LF:65
LH:0
BRDA:40,0,0,0
BRDA:54,1,0,0
BRDA:60,2,0,0
BRDA:60,2,1,0
BRDA:110,3,0,0
BRDA:110,3,1,0
BRDA:114,4,0,0
BRDA:117,5,0,0
BRDA:117,6,0,0
BRDA:117,6,1,0
BRDA:126,7,0,0
BRDA:132,8,0,0
BRDA:150,9,0,0
BRDA:150,9,1,0
BRDA:159,10,0,0
BRDA:162,11,0,0
BRDA:162,11,1,0
BRDA:167,12,0,0
BRDA:169,13,0,0
BRDA:175,14,0,0
BRDA:175,15,0,0
BRDA:175,15,1,0
BRDA:182,16,0,0
BRDA:189,17,0,0
BRDA:192,18,0,0
BRDA:192,18,1,0
BRDA:209,19,0,0
BRDA:209,19,1,0
BRDA:209,19,2,0
BRF:29
BRH:0
end_of_record
TN:
SF:src/tools.ts
FN:53,validateParam
FN:59,handleZillowSearch
FN:79,handleZillowPropertyDetails
FNF:3
FNH:0
FNDA:0,validateParam
FNDA:0,handleZillowSearch
FNDA:0,handleZillowPropertyDetails
DA:3,0
DA:38,0
DA:54,0
DA:55,0
DA:60,0
DA:63,0
DA:64,0
DA:66,0
DA:69,0
DA:70,0
DA:71,0
DA:72,0
DA:73,0
DA:76,0
DA:80,0
DA:83,0
DA:84,0
DA:86,0
DA:89,0
LF:19
LH:0
BRDA:54,0,0,0
BRDA:54,1,0,0
BRDA:54,1,1,0
BRDA:63,2,0,0
BRDA:83,3,0,0
BRF:5
BRH:0
end_of_record
TN:
SF:src/config/index.ts
FN:3,loadConfig
FNF:1
FNH:0
FNDA:0,loadConfig
DA:4,0
DA:12,0
LF:2
LH:0
BRDA:5,0,0,0
BRDA:5,0,1,0
BRDA:6,1,0,0
BRDA:6,1,1,0
BRDA:7,2,0,0
BRDA:7,2,1,0
BRF:6
BRH:0
end_of_record
TN:
SF:src/controllers/property.ts
FN:4,(anonymous_0)
FN:6,(anonymous_1)
FN:10,(anonymous_2)
FNF:3
FNH:0
FNDA:0,(anonymous_0)
FNDA:0,(anonymous_1)
FNDA:0,(anonymous_2)
DA:4,0
DA:7,0
DA:11,0
LF:3
LH:0
BRF:0
BRH:0
end_of_record
TN:
SF:src/models/api.ts
FN:110,(anonymous_0)
FNF:1
FNH:0
FNDA:0,(anonymous_0)
DA:110,0
DA:111,0
DA:112,0
DA:113,0
DA:114,0
DA:115,0
DA:116,0
DA:117,0
DA:118,0
LF:9
LH:0
BRDA:110,0,0,0
BRDA:110,0,1,0
BRF:2
BRH:0
end_of_record
TN:
SF:src/models/property-details.ts
FN:10,(anonymous_0)
FNF:1
FNH:0
FNDA:0,(anonymous_0)
DA:10,0
DA:11,0
DA:12,0
DA:13,0
DA:14,0
DA:15,0
LF:6
LH:0
BRDA:10,0,0,0
BRDA:10,0,1,0
BRF:2
BRH:0
end_of_record
TN:
SF:src/models/search.ts
FN:8,(anonymous_0)
FN:20,(anonymous_1)
FNF:2
FNH:0
FNDA:0,(anonymous_0)
FNDA:0,(anonymous_1)
DA:8,0
DA:9,0
DA:10,0
DA:11,0
DA:12,0
DA:13,0
DA:14,0
DA:20,0
DA:21,0
DA:22,0
DA:23,0
DA:24,0
DA:25,0
DA:26,0
LF:14
LH:0
BRDA:8,0,0,0
BRDA:8,0,1,0
BRDA:20,1,0,0
BRDA:20,1,1,0
BRF:4
BRH:0
end_of_record
TN:
SF:src/routes/search.ts
FN:30,validateSearchParams
FN:47,(anonymous_1)
FNF:2
FNH:0
FNDA:0,validateSearchParams
FNDA:0,(anonymous_1)
DA:6,0
DA:9,0
DA:31,0
DA:32,0
DA:33,0
DA:34,0
DA:36,0
DA:47,0
DA:49,0
DA:50,0
LF:10
LH:0
BRDA:38,0,0,0
BRDA:38,0,1,0
BRF:2
BRH:0
end_of_record
TN:
SF:src/services/zillow.ts
FN:2,(anonymous_0)
FN:4,(anonymous_1)
FN:9,(anonymous_2)
FNF:3
FNH:0
FNDA:0,(anonymous_0)
FNDA:0,(anonymous_1)
FNDA:0,(anonymous_2)
DA:2,0
DA:6,0
DA:11,0
LF:3
LH:0
BRF:0
BRH:0
end_of_record
TN:
SF:src/utils/buildSearchUrl.ts
FN:19,buildSearchUrl
FNF:1
FNH:0
FNDA:0,buildSearchUrl
DA:17,0
DA:32,0
DA:35,0
DA:36,0
DA:37,0
DA:38,0
DA:39,0
DA:40,0
DA:41,0
DA:42,0
DA:43,0
DA:45,0
DA:63,0
LF:13
LH:0
BRDA:30,0,0,0
BRDA:31,1,0,0
BRDA:36,2,0,0
BRDA:36,3,0,0
BRDA:36,3,1,0
BRDA:37,4,0,0
BRDA:37,5,0,0
BRDA:37,5,1,0
BRDA:38,6,0,0
BRDA:38,7,0,0
BRDA:38,7,1,0
BRDA:39,8,0,0
BRDA:39,9,0,0
BRDA:39,9,1,0
BRDA:40,10,0,0
BRDA:40,11,0,0
BRDA:40,11,1,0
BRDA:41,12,0,0
BRDA:41,13,0,0
BRDA:41,13,1,0
BRDA:42,14,0,0
BRDA:43,15,0,0
BRF:22
BRH:0
end_of_record
TN:
SF:src/utils/http.ts
FN:15,fetchWithUserAgent
FNF:1
FNH:0
FNDA:0,fetchWithUserAgent
DA:13,0
DA:19,0
LF:2
LH:0
BRDA:17,0,0,0
BRF:1
BRH:0
end_of_record
TN:
SF:src/utils/parsePropertyDetails.ts
FN:34,parsePropertyDetails
FN:62,(anonymous_1)
FNF:2
FNH:0
FNDA:0,parsePropertyDetails
FNDA:0,(anonymous_1)
DA:35,0
DA:36,0
DA:38,0
DA:39,0
DA:41,0
DA:43,0
DA:44,0
DA:46,0
DA:47,0
DA:62,0
LF:10
LH:0
BRDA:36,0,0,0
BRDA:36,0,1,0
BRDA:43,1,0,0
BRDA:49,2,0,0
BRDA:49,2,1,0
BRDA:50,3,0,0
BRDA:50,3,1,0
BRDA:51,4,0,0
BRDA:51,4,1,0
BRDA:52,5,0,0
BRDA:52,5,1,0
BRDA:53,6,0,0
BRDA:53,6,1,0
BRDA:54,7,0,0
BRDA:54,7,1,0
BRDA:56,8,0,0
BRDA:56,8,1,0
BRDA:57,9,0,0
BRDA:57,9,1,0
BRDA:58,10,0,0
BRDA:58,10,1,0
BRDA:59,11,0,0
BRDA:59,11,1,0
BRDA:60,12,0,0
BRDA:60,12,1,0
BRDA:61,13,0,0
BRDA:61,13,1,0
BRDA:62,14,0,0
BRDA:62,14,1,0
BRF:29
BRH:0
end_of_record
TN:
SF:src/utils/robots.ts
FN:9,(anonymous_0)
FN:49,(anonymous_1)
FN:60,(anonymous_2)
FN:170,(anonymous_3)
FN:196,(anonymous_4)
FN:205,(anonymous_5)
FN:209,(anonymous_6)
FN:217,(anonymous_7)
FN:227,(anonymous_8)
FN:236,(anonymous_9)
FN:238,(anonymous_10)
FN:244,(anonymous_11)
FN:249,(anonymous_12)
FN:266,(anonymous_13)
FN:284,(anonymous_14)
FN:308,(anonymous_15)
FN:334,(anonymous_16)
FN:344,(anonymous_17)
FN:379,(anonymous_18)
FN:395,(anonymous_19)
FN:408,(anonymous_20)
FN:418,(anonymous_21)
FN:430,(anonymous_22)
FN:442,(anonymous_23)
FNF:24
FNH:0
FNDA:0,(anonymous_0)
FNDA:0,(anonymous_1)
FNDA:0,(anonymous_2)
FNDA:0,(anonymous_3)
FNDA:0,(anonymous_4)
FNDA:0,(anonymous_5)
FNDA:0,(anonymous_6)
FNDA:0,(anonymous_7)
FNDA:0,(anonymous_8)
FNDA:0,(anonymous_9)
FNDA:0,(anonymous_10)
FNDA:0,(anonymous_11)
FNDA:0,(anonymous_12)
FNDA:0,(anonymous_13)
FNDA:0,(anonymous_14)
FNDA:0,(anonymous_15)
FNDA:0,(anonymous_16)
FNDA:0,(anonymous_17)
FNDA:0,(anonymous_18)
FNDA:0,(anonymous_19)
FNDA:0,(anonymous_20)
FNDA:0,(anonymous_21)
FNDA:0,(anonymous_22)
FNDA:0,(anonymous_23)
DA:10,0
DA:11,0
DA:38,0
DA:39,0
DA:40,0
DA:41,0
DA:42,0
DA:45,0
DA:46,0
DA:47,0
DA:50,0
DA:51,0
DA:61,0
DA:62,0
DA:65,0
DA:66,0
DA:68,0
DA:69,0
DA:71,0
DA:72,0
DA:73,0
DA:74,0
DA:76,0
DA:77,0
DA:79,0
DA:81,0
DA:83,0
DA:84,0
DA:85,0
DA:87,0
DA:88,0
DA:90,0
DA:95,0
DA:97,0
DA:98,0
DA:101,0
DA:102,0
DA:104,0
DA:105,0
DA:106,0
DA:112,0
DA:113,0
DA:115,0
DA:118,0
DA:119,0
DA:120,0
DA:122,0
DA:124,0
DA:127,0
DA:128,0
DA:129,0
DA:131,0
DA:132,0
DA:133,0
DA:134,0
DA:137,0
DA:139,0
DA:141,0
DA:142,0
DA:143,0
DA:144,0
DA:146,0
DA:147,0
DA:149,0
DA:154,0
DA:155,0
DA:157,0
DA:158,0
DA:161,0
DA:171,0
DA:172,0
DA:174,0
DA:175,0
DA:178,0
DA:179,0
DA:180,0
DA:181,0
DA:182,0
DA:183,0
DA:188,0
DA:197,0
DA:198,0
DA:206,0
DA:210,0
DA:211,0
DA:212,0
DA:214,0
DA:218,0
DA:219,0
DA:220,0
DA:223,0
DA:228,0
DA:229,0
DA:230,0
DA:232,0
DA:237,0
DA:238,0
DA:239,0
DA:245,0
DA:246,0
DA:251,0
DA:257,0
DA:258,0
DA:267,0
DA:269,0
DA:273,0
DA:274,0
DA:276,0
DA:290,0
DA:291,0
DA:293,0
DA:294,0
DA:295,0
DA:296,0
DA:300,0
DA:309,0
DA:310,0
DA:312,0
DA:313,0
DA:314,0
DA:316,0
DA:317,0
DA:321,0
DA:326,0
DA:327,0
DA:328,0
DA:329,0
DA:335,0
DA:336,0
DA:337,0
DA:345,0
DA:346,0
DA:349,0
DA:350,0
DA:351,0
DA:354,0
DA:355,0
DA:362,0
DA:363,0
DA:364,0
DA:365,0
DA:367,0
DA:369,0
DA:370,0
DA:380,0
DA:381,0
DA:384,0
DA:385,0
DA:388,0
DA:396,0
DA:397,0
DA:400,0
DA:401,0
DA:409,0
DA:410,0
DA:411,0
DA:414,0
DA:415,0
DA:419,0
DA:420,0
DA:421,0
DA:423,0
DA:425,0
DA:426,0
DA:431,0
DA:432,0
DA:433,0
DA:435,0
DA:437,0
DA:438,0
DA:443,0
DA:444,0
DA:445,0
DA:447,0
DA:449,0
DA:450,0
LF:176
LH:0
BRDA:61,0,0,0
BRDA:74,1,0,0
BRDA:74,2,0,0
BRDA:74,2,1,0
BRDA:79,3,0,0
BRDA:79,4,0,0
BRDA:79,4,1,0
BRDA:83,5,0,0
BRDA:83,5,1,0
BRDA:84,6,0,0
BRDA:84,6,1,0
BRDA:84,7,0,0
BRDA:84,7,1,0
BRDA:87,8,0,0
BRDA:97,9,0,0
BRDA:97,9,1,0
BRDA:98,10,0,0
BRDA:98,10,1,0
BRDA:98,10,2,0
BRDA:98,10,3,0
BRDA:101,11,0,0
BRDA:108,12,0,0
BRDA:108,12,1,0
BRDA:109,13,0,0
BRDA:109,13,1,0
BRDA:112,14,0,0
BRDA:112,14,1,0
BRDA:113,15,0,0
BRDA:113,15,1,0
BRDA:119,16,0,0
BRDA:119,16,1,0
BRDA:119,17,0,0
BRDA:119,17,1,0
BRDA:127,18,0,0
BRDA:131,19,0,0
BRDA:131,19,1,0
BRDA:133,20,0,0
BRDA:141,21,0,0
BRDA:142,22,0,0
BRDA:146,23,0,0
BRDA:146,23,1,0
BRDA:154,24,0,0
BRDA:157,25,0,0
BRDA:157,25,1,0
BRDA:170,26,0,0
BRDA:174,27,0,0
BRDA:174,28,0,0
BRDA:174,28,1,0
BRDA:180,29,0,0
BRDA:180,30,0,0
BRDA:180,30,1,0
BRDA:182,31,0,0
BRDA:198,32,0,0
BRDA:198,32,1,0
BRDA:198,33,0,0
BRDA:198,33,1,0
BRDA:211,34,0,0
BRDA:223,35,0,0
BRDA:223,35,1,0
BRDA:239,36,0,0
BRDA:239,36,1,0
BRDA:245,37,0,0
BRDA:295,38,0,0
BRDA:313,39,0,0
BRDA:313,40,0,0
BRDA:313,40,1,0
BRDA:316,41,0,0
BRDA:316,42,0,0
BRDA:316,42,1,0
BRDA:334,43,0,0
BRDA:345,44,0,0
BRDA:350,45,0,0
BRDA:350,46,0,0
BRDA:350,46,1,0
BRDA:367,47,0,0
BRDA:367,47,1,0
BRDA:380,48,0,0
BRDA:384,49,0,0
BRDA:396,50,0,0
BRDA:396,51,0,0
BRDA:396,51,1,0
BRDA:401,52,0,0
BRDA:401,52,1,0
BRDA:410,53,0,0
BRDA:420,54,0,0
BRDA:425,55,0,0
BRDA:425,55,1,0
BRDA:432,56,0,0
BRDA:437,57,0,0
BRDA:437,57,1,0
BRDA:444,58,0,0
BRDA:449,59,0,0
BRDA:449,59,1,0
BRF:93
BRH:0
end_of_record
TN:
SF:src/utils/robotsHandler.ts
FN:10,(anonymous_0)
FN:18,(anonymous_1)
FN:33,(anonymous_2)
FN:45,(anonymous_3)
FNF:4
FNH:0
FNDA:0,(anonymous_0)
FNDA:0,(anonymous_1)
FNDA:0,(anonymous_2)
FNDA:0,(anonymous_3)
DA:7,0
DA:8,0
DA:11,0
DA:12,0
DA:19,0
DA:20,0
DA:21,0
DA:22,0
DA:24,0
DA:25,0
DA:34,0
DA:35,0
DA:36,0
DA:38,0
DA:46,0
DA:47,0
DA:48,0
LF:17
LH:0
BRDA:34,0,0,0
BRDA:46,1,0,0
BRDA:48,2,0,0
BRDA:48,2,1,0
BRF:4
BRH:0
end_of_record
TN:
SF:src/validation/searchParamsSchema.ts
FNF:0
FNH:0
DA:16,0
LF:1
LH:0
BRF:0
BRH:0
end_of_record
